Using pre-set license
Built from '2020.3/staging' branch; Version is '2020.3.32f1 (12f8b0834f07) revision 1243312'; Using compiler version '192528614'; Build Type 'Release'
OS: 'Windows 10  (10.0.19042) 64bit Education' Language: 'ru' Physical Memory: 16330 MB
BatchMode: 1, IsHumanControllingUs: 0, StartBugReporterOnCrash: 0, Is64bit: 1, IsPro: 0

COMMAND LINE ARGUMENTS:
C:\Program Files\Unity\Hub\Editor\2020.3.32f1\Editor\Unity.exe
-adb2
-batchMode
-noUpm
-name
AssetImportWorker0
-projectPath
C:/Users/Yuriy/Unity Projects/PublexTestTask
-logFile
Logs/AssetImportWorker0.log
-srvPort
58518
Successfully changed project path to: C:/Users/Yuriy/Unity Projects/PublexTestTask
C:/Users/Yuriy/Unity Projects/PublexTestTask
Using Asset Import Pipeline V2.
Refreshing native plugins compatible for Editor in 22.41 ms, found 2 plugins.
Preloading 0 native plugins for Editor in 0.00 ms.
Initialize engine version: 2020.3.32f1 (12f8b0834f07)
[Subsystems] Discovering subsystems at path C:/Program Files/Unity/Hub/Editor/2020.3.32f1/Editor/Data/Resources/UnitySubsystems
[Subsystems] Discovering subsystems at path C:/Users/Yuriy/Unity Projects/PublexTestTask/Assets
GfxDevice: creating device client; threaded=0
Direct3D:
    Version:  Direct3D 11.0 [level 11.1]
    Renderer: Radeon RX 570 Series (ID=0x67df)
    Vendor:   
    VRAM:     4075 MB
    Driver:   30.0.14023.1009
Initialize mono
Mono path[0] = 'C:/Program Files/Unity/Hub/Editor/2020.3.32f1/Editor/Data/Managed'
Mono path[1] = 'C:/Program Files/Unity/Hub/Editor/2020.3.32f1/Editor/Data/MonoBleedingEdge/lib/mono/unityjit'
Mono config path = 'C:/Program Files/Unity/Hub/Editor/2020.3.32f1/Editor/Data/MonoBleedingEdge/etc'
Using monoOptions --debugger-agent=transport=dt_socket,embedding=1,server=y,suspend=n,address=127.0.0.1:56492
Begin MonoManager ReloadAssembly
Registering precompiled unity dll's ...
Register platform support module: C:/Program Files/Unity/Hub/Editor/2020.3.32f1/Editor/Data/PlaybackEngines/WindowsStandaloneSupport/UnityEditor.WindowsStandalone.Extensions.dll
Registered in 0.001790 seconds.
Native extension for WindowsStandalone target not found
Refreshing native plugins compatible for Editor in 21.86 ms, found 2 plugins.
Preloading 0 native plugins for Editor in 0.00 ms.
Mono: successfully reloaded assembly
- Completed reload, in  0.388 seconds
Domain Reload Profiling:
	ReloadAssembly (388ms)
		BeginReloadAssembly (46ms)
			ExecutionOrderSort (0ms)
			DisableScriptedObjects (0ms)
			BackupInstance (0ms)
			ReleaseScriptingObjects (0ms)
			CreateAndSetChildDomain (1ms)
		EndReloadAssembly (291ms)
			LoadAssemblies (45ms)
			RebuildTransferFunctionScriptingTraits (0ms)
			SetupTypeCache (88ms)
			ReleaseScriptCaches (0ms)
			RebuildScriptCaches (23ms)
			SetupLoadedEditorAssemblies (115ms)
				LogAssemblyErrors (0ms)
				InitializePlatformSupportModulesInManaged (4ms)
				SetLoadedEditorAssemblies (0ms)
				RefreshPlugins (22ms)
				BeforeProcessingInitializeOnLoad (9ms)
				ProcessInitializeOnLoadAttributes (61ms)
				ProcessInitializeOnLoadMethodAttributes (19ms)
				AfterProcessingInitializeOnLoad (0ms)
				EditorAssembliesLoaded (0ms)
			ExecutionOrderSort2 (0ms)
			AwakeInstancesAfterBackupRestoration (0ms)
Platform modules already initialized, skipping
Registering precompiled user dll's ...
Registered in 0.002189 seconds.
Begin MonoManager ReloadAssembly
Native extension for WindowsStandalone target not found
Refreshing native plugins compatible for Editor in 0.34 ms, found 2 plugins.
Preloading 0 native plugins for Editor in 0.00 ms.
Mono: successfully reloaded assembly
- Completed reload, in  0.659 seconds
Domain Reload Profiling:
	ReloadAssembly (660ms)
		BeginReloadAssembly (102ms)
			ExecutionOrderSort (0ms)
			DisableScriptedObjects (4ms)
			BackupInstance (0ms)
			ReleaseScriptingObjects (0ms)
			CreateAndSetChildDomain (15ms)
		EndReloadAssembly (516ms)
			LoadAssemblies (64ms)
			RebuildTransferFunctionScriptingTraits (0ms)
			SetupTypeCache (157ms)
			ReleaseScriptCaches (0ms)
			RebuildScriptCaches (33ms)
			SetupLoadedEditorAssemblies (212ms)
				LogAssemblyErrors (0ms)
				InitializePlatformSupportModulesInManaged (3ms)
				SetLoadedEditorAssemblies (0ms)
				RefreshPlugins (0ms)
				BeforeProcessingInitializeOnLoad (61ms)
				ProcessInitializeOnLoadAttributes (135ms)
				ProcessInitializeOnLoadMethodAttributes (7ms)
				AfterProcessingInitializeOnLoad (5ms)
				EditorAssembliesLoaded (0ms)
			ExecutionOrderSort2 (0ms)
			AwakeInstancesAfterBackupRestoration (4ms)
Platform modules already initialized, skipping
========================================================================
Worker process is ready to serve import requests
Launched and connected shader compiler UnityShaderCompiler.exe after 0.05 seconds
Refreshing native plugins compatible for Editor in 0.34 ms, found 2 plugins.
Preloading 0 native plugins for Editor in 0.00 ms.
Unloading 1543 Unused Serialized files (Serialized files now loaded: 0)
System memory in use before: 72.5 MB.
System memory in use after: 72.5 MB.

Unloading 16 unused Assets to reduce memory usage. Loaded Objects now: 1979.
Total: 2.181000 ms (FindLiveObjects: 0.118700 ms CreateObjectMapping: 0.037700 ms MarkObjects: 1.972200 ms  DeleteObjects: 0.051800 ms)

AssetImportParameters requested are different than current active one (requested -> active):
  custom:framework-win-MediaFoundation: 216162199b28c13a410421893ffa2e32 -> 
  custom:video-decoder-ogg-theora: a1e56fd34408186e4bbccfd4996cb3dc -> 
  custom:container-muxer-webm: aa71ff27fc2769a1b78a27578f13a17b -> 
  custom:container-demuxer-webm: 4f35f7cbe854078d1ac9338744f61a02 -> 
  custom:container-demuxer-ogg: 62fdf1f143b41e24485cea50d1cbac27 -> 
  custom:video-encoder-webm-vp8: eb34c28f22e8b96e1ab97ce403110664 -> 
  custom:video-decoder-webm-vp8: 9c59270c3fd7afecdb556c50c9e8de78 -> 
  custom:audio-decoder-ogg-vorbis: bf7c407c2cedff20999df2af8eb42d56 -> 
  custom:audio-encoder-webm-vorbis: bf7c407c2cedff20999df2af8eb42d56 -> 
========================================================================
Received Import Request.
  path: Assets/Materials/Level Parts/FloorButton 1.5x1.5.mat
  artifactKey: Guid(eb29f87d4cb64fb49bf6f1deaadf17c5) Importer(815301076,1909f56bfc062723c751e8b465ee728b)
Start importing Assets/Materials/Level Parts/FloorButton 1.5x1.5.mat using Guid(eb29f87d4cb64fb49bf6f1deaadf17c5) Importer(815301076,1909f56bfc062723c751e8b465ee728b)  -> (artifact id: 'b2834e5751fd019dadb0ef126c3254c2') in 0.077896 seconds 
========================================================================
Received Import Request.
  Time since last request: 110.176151 seconds.
  path: Assets/Materials/Level Parts/FloorButton 1.5x1.5.mat
  artifactKey: Guid(eb29f87d4cb64fb49bf6f1deaadf17c5) Importer(815301076,1909f56bfc062723c751e8b465ee728b)
Start importing Assets/Materials/Level Parts/FloorButton 1.5x1.5.mat using Guid(eb29f87d4cb64fb49bf6f1deaadf17c5) Importer(815301076,1909f56bfc062723c751e8b465ee728b)  -> (artifact id: '6ef1f765d0a6346ffa2f4566351edf3a') in 0.010953 seconds 
========================================================================
Received Import Request.
  Time since last request: 48.135021 seconds.
  path: Assets/Materials/Level Parts/FloorButton 1.5x0.1.mat
  artifactKey: Guid(c8a822d7383589748801e35ac21567f8) Importer(815301076,1909f56bfc062723c751e8b465ee728b)
Start importing Assets/Materials/Level Parts/FloorButton 1.5x0.1.mat using Guid(c8a822d7383589748801e35ac21567f8) Importer(815301076,1909f56bfc062723c751e8b465ee728b)  -> (artifact id: 'f05d4a9c611d8615596e1acf9d6647bb') in 0.012470 seconds 
========================================================================
Received Import Request.
  Time since last request: 0.000112 seconds.
  path: Assets/Materials/Level Parts/Wall 1x2 1.mat
  artifactKey: Guid(f73f3d7d4ef8eb14391c74ba8193bf1e) Importer(815301076,1909f56bfc062723c751e8b465ee728b)
Start importing Assets/Materials/Level Parts/Wall 1x2 1.mat using Guid(f73f3d7d4ef8eb14391c74ba8193bf1e) Importer(815301076,1909f56bfc062723c751e8b465ee728b)  -> (artifact id: 'a58b24d9c831f82e2c0ea768b0b1671f') in 0.010313 seconds 
========================================================================
Received Import Request.
  Time since last request: 0.000100 seconds.
  path: Assets/Materials/Level Parts/Wall 1x0.1 1.mat
  artifactKey: Guid(3db47e92bf93b004d83a4810cd4808c8) Importer(815301076,1909f56bfc062723c751e8b465ee728b)
Start importing Assets/Materials/Level Parts/Wall 1x0.1 1.mat using Guid(3db47e92bf93b004d83a4810cd4808c8) Importer(815301076,1909f56bfc062723c751e8b465ee728b)  -> (artifact id: '7b37f6d3c7dbba15631cca5338a9b541') in 0.012674 seconds 
========================================================================
Received Import Request.
  Time since last request: 0.000110 seconds.
  path: Assets/Materials/Level Parts/Wall 2x0.1 1.mat
  artifactKey: Guid(32e0820c0dc4a824aa51684aa6a0da2f) Importer(815301076,1909f56bfc062723c751e8b465ee728b)
Start importing Assets/Materials/Level Parts/Wall 2x0.1 1.mat using Guid(32e0820c0dc4a824aa51684aa6a0da2f) Importer(815301076,1909f56bfc062723c751e8b465ee728b)  -> (artifact id: '2d7901459160a9f49f6d62e88948d7ab') in 0.009987 seconds 
========================================================================
Received Import Request.
  Time since last request: 44.208235 seconds.
  path: Assets/Materials/Level Parts/Door 1x2 1.mat
  artifactKey: Guid(f73f3d7d4ef8eb14391c74ba8193bf1e) Importer(815301076,1909f56bfc062723c751e8b465ee728b)
Start importing Assets/Materials/Level Parts/Door 1x2 1.mat using Guid(f73f3d7d4ef8eb14391c74ba8193bf1e) Importer(815301076,1909f56bfc062723c751e8b465ee728b)  -> (artifact id: '888d299b8a59be5fb3a76cd846ee6cd9') in 0.011579 seconds 
========================================================================
Received Import Request.
  Time since last request: 112.179580 seconds.
  path: Assets/Prefabs/Level Parts/Wall 3.prefab
  artifactKey: Guid(dc02c441075dc73458560a6edb095d16) Importer(815301076,1909f56bfc062723c751e8b465ee728b)
Start importing Assets/Prefabs/Level Parts/Wall 3.prefab using Guid(dc02c441075dc73458560a6edb095d16) Importer(815301076,1909f56bfc062723c751e8b465ee728b)  -> (artifact id: 'eb0da8b1d929ea2e2c5c017b3cf4a326') in 0.018036 seconds 
========================================================================
Received Import Request.
  Time since last request: 6.455696 seconds.
  path: Assets/Prefabs/Level Parts/Door 1.prefab
  artifactKey: Guid(dc02c441075dc73458560a6edb095d16) Importer(815301076,1909f56bfc062723c751e8b465ee728b)
Start importing Assets/Prefabs/Level Parts/Door 1.prefab using Guid(dc02c441075dc73458560a6edb095d16) Importer(815301076,1909f56bfc062723c751e8b465ee728b)  -> (artifact id: 'abcf78fef869be950466b52f01a7613a') in 0.010317 seconds 
========================================================================
Received Import Request.
  Time since last request: 18.325959 seconds.
  path: Assets/Materials/Level Parts/Door 1x0.1.mat
  artifactKey: Guid(3db47e92bf93b004d83a4810cd4808c8) Importer(815301076,1909f56bfc062723c751e8b465ee728b)
Start importing Assets/Materials/Level Parts/Door 1x0.1.mat using Guid(3db47e92bf93b004d83a4810cd4808c8) Importer(815301076,1909f56bfc062723c751e8b465ee728b)  -> (artifact id: 'ad7265f3494ae743459c66cc1422f54b') in 0.010655 seconds 
========================================================================
Received Import Request.
  Time since last request: 0.000108 seconds.
  path: Assets/Materials/Level Parts/Door 1x2 1.mat
  artifactKey: Guid(f73f3d7d4ef8eb14391c74ba8193bf1e) Importer(815301076,1909f56bfc062723c751e8b465ee728b)
Start importing Assets/Materials/Level Parts/Door 1x2 1.mat using Guid(f73f3d7d4ef8eb14391c74ba8193bf1e) Importer(815301076,1909f56bfc062723c751e8b465ee728b)  -> (artifact id: '876d4ef6c42f3066b0feeb34bea45fe0') in 0.010589 seconds 
========================================================================
Received Import Request.
  Time since last request: 0.000101 seconds.
  path: Assets/Materials/Level Parts/FloorButton 1.5x0.1.mat
  artifactKey: Guid(c8a822d7383589748801e35ac21567f8) Importer(815301076,1909f56bfc062723c751e8b465ee728b)
Start importing Assets/Materials/Level Parts/FloorButton 1.5x0.1.mat using Guid(c8a822d7383589748801e35ac21567f8) Importer(815301076,1909f56bfc062723c751e8b465ee728b)  -> (artifact id: 'dc5c4e8649eb9e0b4695e646ef3bb56f') in 0.008588 seconds 
========================================================================
Received Import Request.
  Time since last request: 0.000109 seconds.
  path: Assets/Materials/Level Parts/Door 2x0.1.mat
  artifactKey: Guid(32e0820c0dc4a824aa51684aa6a0da2f) Importer(815301076,1909f56bfc062723c751e8b465ee728b)
Start importing Assets/Materials/Level Parts/Door 2x0.1.mat using Guid(32e0820c0dc4a824aa51684aa6a0da2f) Importer(815301076,1909f56bfc062723c751e8b465ee728b)  -> (artifact id: '088623c888a42bdfdae8607dccb195ad') in 0.009557 seconds 
========================================================================
Received Import Request.
  Time since last request: 59.420892 seconds.
  path: Assets/Prefabs/Level Parts/Door 1.prefab
  artifactKey: Guid(dc02c441075dc73458560a6edb095d16) Importer(815301076,1909f56bfc062723c751e8b465ee728b)
Start importing Assets/Prefabs/Level Parts/Door 1.prefab using Guid(dc02c441075dc73458560a6edb095d16) Importer(815301076,1909f56bfc062723c751e8b465ee728b)  -> (artifact id: '37b323af7c801c517f82bbd9d341d1fc') in 0.009686 seconds 
========================================================================
Received Import Request.
  Time since last request: 57.513164 seconds.
  path: Assets/Prefabs/Level Parts/Door 2.prefab
  artifactKey: Guid(0119b332b11685547b6bd8aaca8feb6c) Importer(815301076,1909f56bfc062723c751e8b465ee728b)
Start importing Assets/Prefabs/Level Parts/Door 2.prefab using Guid(0119b332b11685547b6bd8aaca8feb6c) Importer(815301076,1909f56bfc062723c751e8b465ee728b)  -> (artifact id: '46a700b6aeb8f99ffd82ab98fdec1502') in 0.010330 seconds 
========================================================================
Received Import Request.
  Time since last request: 25.736635 seconds.
  path: Assets/Prefabs/Level Parts/Wall 3.prefab
  artifactKey: Guid(79e4c7813411d5845b04ecbe60911e35) Importer(815301076,1909f56bfc062723c751e8b465ee728b)
Start importing Assets/Prefabs/Level Parts/Wall 3.prefab using Guid(79e4c7813411d5845b04ecbe60911e35) Importer(815301076,1909f56bfc062723c751e8b465ee728b)  -> (artifact id: 'ce4739dd0452c4757b5404d9ea80015e') in 0.006814 seconds 
========================================================================
Received Import Request.
  Time since last request: 5.677213 seconds.
  path: Assets/Prefabs/Level Parts/Floor Button.prefab
  artifactKey: Guid(79e4c7813411d5845b04ecbe60911e35) Importer(815301076,1909f56bfc062723c751e8b465ee728b)
Start importing Assets/Prefabs/Level Parts/Floor Button.prefab using Guid(79e4c7813411d5845b04ecbe60911e35) Importer(815301076,1909f56bfc062723c751e8b465ee728b)  -> (artifact id: '6c3fef528a07b469c9018068c34ba1fc') in 0.009882 seconds 
========================================================================
Received Import Request.
  Time since last request: 42.247905 seconds.
  path: Assets/Prefabs/Level Parts/Floor Button.prefab
  artifactKey: Guid(79e4c7813411d5845b04ecbe60911e35) Importer(815301076,1909f56bfc062723c751e8b465ee728b)
Start importing Assets/Prefabs/Level Parts/Floor Button.prefab using Guid(79e4c7813411d5845b04ecbe60911e35) Importer(815301076,1909f56bfc062723c751e8b465ee728b)  -> (artifact id: '08de6f75c5375f62102d679e1abfdb89') in 0.009208 seconds 
========================================================================
Received Import Request.
  Time since last request: 3.619353 seconds.
  path: Assets/Prefabs/Level Parts/Floor Button.prefab
  artifactKey: Guid(79e4c7813411d5845b04ecbe60911e35) Importer(815301076,1909f56bfc062723c751e8b465ee728b)
Start importing Assets/Prefabs/Level Parts/Floor Button.prefab using Guid(79e4c7813411d5845b04ecbe60911e35) Importer(815301076,1909f56bfc062723c751e8b465ee728b)  -> (artifact id: '12d432c12ddaad7601b94fe28bb6e31f') in 0.010288 seconds 
========================================================================
Received Import Request.
  Time since last request: 2.205842 seconds.
  path: Assets/Prefabs/Level Parts/Floor Button.prefab
  artifactKey: Guid(79e4c7813411d5845b04ecbe60911e35) Importer(815301076,1909f56bfc062723c751e8b465ee728b)
Start importing Assets/Prefabs/Level Parts/Floor Button.prefab using Guid(79e4c7813411d5845b04ecbe60911e35) Importer(815301076,1909f56bfc062723c751e8b465ee728b)  -> (artifact id: '5c8c74a7d4d3a04c80ab088342717e9b') in 0.009717 seconds 
========================================================================
Received Import Request.
  Time since last request: 2.004095 seconds.
  path: Assets/Prefabs/Level Parts/Floor Button.prefab
  artifactKey: Guid(79e4c7813411d5845b04ecbe60911e35) Importer(815301076,1909f56bfc062723c751e8b465ee728b)
Start importing Assets/Prefabs/Level Parts/Floor Button.prefab using Guid(79e4c7813411d5845b04ecbe60911e35) Importer(815301076,1909f56bfc062723c751e8b465ee728b)  -> (artifact id: 'd10a129c9a306c0bc9fabe821c98945d') in 0.009197 seconds 
========================================================================
Received Import Request.
  Time since last request: 6.228299 seconds.
  path: Assets/Prefabs/Level Parts/Floor Button.prefab
  artifactKey: Guid(79e4c7813411d5845b04ecbe60911e35) Importer(815301076,1909f56bfc062723c751e8b465ee728b)
Start importing Assets/Prefabs/Level Parts/Floor Button.prefab using Guid(79e4c7813411d5845b04ecbe60911e35) Importer(815301076,1909f56bfc062723c751e8b465ee728b)  -> (artifact id: '21baee3ebdd3cbcaa09e1203b5c2b2e6') in 0.009806 seconds 
========================================================================
Received Import Request.
  Time since last request: 0.794056 seconds.
  path: Assets/Prefabs/Level Parts/Floor Button.prefab
  artifactKey: Guid(79e4c7813411d5845b04ecbe60911e35) Importer(815301076,1909f56bfc062723c751e8b465ee728b)
Start importing Assets/Prefabs/Level Parts/Floor Button.prefab using Guid(79e4c7813411d5845b04ecbe60911e35) Importer(815301076,1909f56bfc062723c751e8b465ee728b)  -> (artifact id: '35414686bddde37211bbe17e0b4ab404') in 0.009286 seconds 
========================================================================
Received Import Request.
  Time since last request: 5.223672 seconds.
  path: Assets/Prefabs/Level Parts/Floor Button.prefab
  artifactKey: Guid(79e4c7813411d5845b04ecbe60911e35) Importer(815301076,1909f56bfc062723c751e8b465ee728b)
Start importing Assets/Prefabs/Level Parts/Floor Button.prefab using Guid(79e4c7813411d5845b04ecbe60911e35) Importer(815301076,1909f56bfc062723c751e8b465ee728b)  -> (artifact id: 'c19da8dbf40e29f2b9d32735dd53ca8d') in 0.006913 seconds 
========================================================================
Received Import Request.
  Time since last request: 3.220839 seconds.
  path: Assets/Prefabs/Level Parts/Floor Button.prefab
  artifactKey: Guid(79e4c7813411d5845b04ecbe60911e35) Importer(815301076,1909f56bfc062723c751e8b465ee728b)
Start importing Assets/Prefabs/Level Parts/Floor Button.prefab using Guid(79e4c7813411d5845b04ecbe60911e35) Importer(815301076,1909f56bfc062723c751e8b465ee728b)  -> (artifact id: '65eab1802cfe17f7e5ba0502e5de4648') in 0.007165 seconds 
========================================================================
Received Import Request.
  Time since last request: 28.231399 seconds.
  path: Assets/Prefabs/Level Parts/Floor Button.prefab
  artifactKey: Guid(79e4c7813411d5845b04ecbe60911e35) Importer(815301076,1909f56bfc062723c751e8b465ee728b)
Start importing Assets/Prefabs/Level Parts/Floor Button.prefab using Guid(79e4c7813411d5845b04ecbe60911e35) Importer(815301076,1909f56bfc062723c751e8b465ee728b)  -> (artifact id: 'ec7ed07f12efd0dc0e4402ada3e38aa1') in 0.006815 seconds 
========================================================================
Received Import Request.
  Time since last request: 2.414010 seconds.
  path: Assets/Prefabs/Level Parts/Floor Button.prefab
  artifactKey: Guid(79e4c7813411d5845b04ecbe60911e35) Importer(815301076,1909f56bfc062723c751e8b465ee728b)
Start importing Assets/Prefabs/Level Parts/Floor Button.prefab using Guid(79e4c7813411d5845b04ecbe60911e35) Importer(815301076,1909f56bfc062723c751e8b465ee728b)  -> (artifact id: '89926e08d19b3e8d25ec2b00a86803b4') in 0.007872 seconds 
========================================================================
Received Import Request.
  Time since last request: 1.604070 seconds.
  path: Assets/Prefabs/Level Parts/Floor Button.prefab
  artifactKey: Guid(79e4c7813411d5845b04ecbe60911e35) Importer(815301076,1909f56bfc062723c751e8b465ee728b)
Start importing Assets/Prefabs/Level Parts/Floor Button.prefab using Guid(79e4c7813411d5845b04ecbe60911e35) Importer(815301076,1909f56bfc062723c751e8b465ee728b)  -> (artifact id: '64a568888b540468ebf61d2e7185c661') in 0.008618 seconds 
========================================================================
Received Import Request.
  Time since last request: 2.009285 seconds.
  path: Assets/Prefabs/Level Parts/Floor Button.prefab
  artifactKey: Guid(79e4c7813411d5845b04ecbe60911e35) Importer(815301076,1909f56bfc062723c751e8b465ee728b)
Start importing Assets/Prefabs/Level Parts/Floor Button.prefab using Guid(79e4c7813411d5845b04ecbe60911e35) Importer(815301076,1909f56bfc062723c751e8b465ee728b)  -> (artifact id: '20825932d128d923ba777c95e9285c2d') in 0.008837 seconds 
========================================================================
Received Import Request.
  Time since last request: 2.006485 seconds.
  path: Assets/Prefabs/Level Parts/Floor Button.prefab
  artifactKey: Guid(79e4c7813411d5845b04ecbe60911e35) Importer(815301076,1909f56bfc062723c751e8b465ee728b)
Start importing Assets/Prefabs/Level Parts/Floor Button.prefab using Guid(79e4c7813411d5845b04ecbe60911e35) Importer(815301076,1909f56bfc062723c751e8b465ee728b)  -> (artifact id: 'f8cfd1f76a3f7e38ca33509b10d3f101') in 0.008867 seconds 
========================================================================
Received Import Request.
  Time since last request: 10.058959 seconds.
  path: Assets/Prefabs/Level Parts/Floor Button.prefab
  artifactKey: Guid(79e4c7813411d5845b04ecbe60911e35) Importer(815301076,1909f56bfc062723c751e8b465ee728b)
Start importing Assets/Prefabs/Level Parts/Floor Button.prefab using Guid(79e4c7813411d5845b04ecbe60911e35) Importer(815301076,1909f56bfc062723c751e8b465ee728b)  -> (artifact id: 'b667e858e94cee3b7be85ef71c28adab') in 0.008945 seconds 
========================================================================
Received Import Request.
  Time since last request: 1.389087 seconds.
  path: Assets/Prefabs/Level Parts/Floor Button.prefab
  artifactKey: Guid(79e4c7813411d5845b04ecbe60911e35) Importer(815301076,1909f56bfc062723c751e8b465ee728b)
Start importing Assets/Prefabs/Level Parts/Floor Button.prefab using Guid(79e4c7813411d5845b04ecbe60911e35) Importer(815301076,1909f56bfc062723c751e8b465ee728b)  -> (artifact id: '905722284690632a617067d901e40540') in 0.010442 seconds 
========================================================================
Received Import Request.
  Time since last request: 2.213013 seconds.
  path: Assets/Prefabs/Level Parts/Floor Button.prefab
  artifactKey: Guid(79e4c7813411d5845b04ecbe60911e35) Importer(815301076,1909f56bfc062723c751e8b465ee728b)
Start importing Assets/Prefabs/Level Parts/Floor Button.prefab using Guid(79e4c7813411d5845b04ecbe60911e35) Importer(815301076,1909f56bfc062723c751e8b465ee728b)  -> (artifact id: 'd2668ef97eef83586518e221005b17d0') in 0.009736 seconds 
========================================================================
Received Import Request.
  Time since last request: 6.039943 seconds.
  path: Assets/Prefabs/Level Parts/Floor Button.prefab
  artifactKey: Guid(79e4c7813411d5845b04ecbe60911e35) Importer(815301076,1909f56bfc062723c751e8b465ee728b)
Start importing Assets/Prefabs/Level Parts/Floor Button.prefab using Guid(79e4c7813411d5845b04ecbe60911e35) Importer(815301076,1909f56bfc062723c751e8b465ee728b)  -> (artifact id: '9d636d062be47cd5a322d5c847d3fb44') in 0.007723 seconds 
========================================================================
Received Import Request.
  Time since last request: 2.209808 seconds.
  path: Assets/Prefabs/Level Parts/Floor Button.prefab
  artifactKey: Guid(79e4c7813411d5845b04ecbe60911e35) Importer(815301076,1909f56bfc062723c751e8b465ee728b)
Start importing Assets/Prefabs/Level Parts/Floor Button.prefab using Guid(79e4c7813411d5845b04ecbe60911e35) Importer(815301076,1909f56bfc062723c751e8b465ee728b)  -> (artifact id: '6239c0a40376c4bce96310640e7fdae1') in 0.007113 seconds 
========================================================================
Received Import Request.
  Time since last request: 11.279548 seconds.
  path: Assets/Prefabs/Level Parts/Floor Button.prefab
  artifactKey: Guid(79e4c7813411d5845b04ecbe60911e35) Importer(815301076,1909f56bfc062723c751e8b465ee728b)
Start importing Assets/Prefabs/Level Parts/Floor Button.prefab using Guid(79e4c7813411d5845b04ecbe60911e35) Importer(815301076,1909f56bfc062723c751e8b465ee728b)  -> (artifact id: '9e07404f6b3e37b0c9ae9fd436458d78') in 0.006996 seconds 
========================================================================
Received Import Request.
  Time since last request: 9.850468 seconds.
  path: Assets/Prefabs/Level Parts/Floor Button.prefab
  artifactKey: Guid(79e4c7813411d5845b04ecbe60911e35) Importer(815301076,1909f56bfc062723c751e8b465ee728b)
Start importing Assets/Prefabs/Level Parts/Floor Button.prefab using Guid(79e4c7813411d5845b04ecbe60911e35) Importer(815301076,1909f56bfc062723c751e8b465ee728b)  -> (artifact id: 'b1c3640dd0dff9cccf0f6439bee94fe1') in 0.009017 seconds 
========================================================================
Received Import Request.
  Time since last request: 6.438448 seconds.
  path: Assets/Prefabs/Level Parts/Floor Button.prefab
  artifactKey: Guid(79e4c7813411d5845b04ecbe60911e35) Importer(815301076,1909f56bfc062723c751e8b465ee728b)
Start importing Assets/Prefabs/Level Parts/Floor Button.prefab using Guid(79e4c7813411d5845b04ecbe60911e35) Importer(815301076,1909f56bfc062723c751e8b465ee728b)  -> (artifact id: '9d3e963feae3f6aff5b155334e9fb46d') in 0.008933 seconds 
========================================================================
Received Import Request.
  Time since last request: 3.423301 seconds.
  path: Assets/Prefabs/Level Parts/Floor Button.prefab
  artifactKey: Guid(79e4c7813411d5845b04ecbe60911e35) Importer(815301076,1909f56bfc062723c751e8b465ee728b)
Start importing Assets/Prefabs/Level Parts/Floor Button.prefab using Guid(79e4c7813411d5845b04ecbe60911e35) Importer(815301076,1909f56bfc062723c751e8b465ee728b)  -> (artifact id: '628b433796b636a711a6826a139ce3b8') in 0.008857 seconds 
========================================================================
Received Import Request.
  Time since last request: 2.393034 seconds.
  path: Assets/Prefabs/Level Parts/Floor Button.prefab
  artifactKey: Guid(79e4c7813411d5845b04ecbe60911e35) Importer(815301076,1909f56bfc062723c751e8b465ee728b)
Start importing Assets/Prefabs/Level Parts/Floor Button.prefab using Guid(79e4c7813411d5845b04ecbe60911e35) Importer(815301076,1909f56bfc062723c751e8b465ee728b)  -> (artifact id: '5a47c977a5d1d42a71a4631ddc495922') in 0.009190 seconds 
========================================================================
Received Import Request.
  Time since last request: 7.844782 seconds.
  path: Assets/Prefabs/Level Parts/Floor Button.prefab
  artifactKey: Guid(79e4c7813411d5845b04ecbe60911e35) Importer(815301076,1909f56bfc062723c751e8b465ee728b)
Start importing Assets/Prefabs/Level Parts/Floor Button.prefab using Guid(79e4c7813411d5845b04ecbe60911e35) Importer(815301076,1909f56bfc062723c751e8b465ee728b)  -> (artifact id: '2b4f2581f69945f7d8915f938758488e') in 0.006687 seconds 
========================================================================
Received Import Request.
  Time since last request: 17.552768 seconds.
  path: Assets/Prefabs/Level Parts/Floor Button.prefab
  artifactKey: Guid(79e4c7813411d5845b04ecbe60911e35) Importer(815301076,1909f56bfc062723c751e8b465ee728b)
Start importing Assets/Prefabs/Level Parts/Floor Button.prefab using Guid(79e4c7813411d5845b04ecbe60911e35) Importer(815301076,1909f56bfc062723c751e8b465ee728b)  -> (artifact id: 'e43b80d100b15237c19a14ef6f4dbe82') in 0.008750 seconds 
========================================================================
Received Import Request.
  Time since last request: 4.427083 seconds.
  path: Assets/Prefabs/Level Parts/Floor Button.prefab
  artifactKey: Guid(79e4c7813411d5845b04ecbe60911e35) Importer(815301076,1909f56bfc062723c751e8b465ee728b)
Start importing Assets/Prefabs/Level Parts/Floor Button.prefab using Guid(79e4c7813411d5845b04ecbe60911e35) Importer(815301076,1909f56bfc062723c751e8b465ee728b)  -> (artifact id: 'aae2c47ab3ea492bcee57a67efcecdad') in 0.009043 seconds 
========================================================================
Received Import Request.
  Time since last request: 2.415067 seconds.
  path: Assets/Prefabs/Level Parts/Floor Button.prefab
  artifactKey: Guid(79e4c7813411d5845b04ecbe60911e35) Importer(815301076,1909f56bfc062723c751e8b465ee728b)
Start importing Assets/Prefabs/Level Parts/Floor Button.prefab using Guid(79e4c7813411d5845b04ecbe60911e35) Importer(815301076,1909f56bfc062723c751e8b465ee728b)  -> (artifact id: '1f8148e604842754f490928430048ba5') in 0.006803 seconds 
========================================================================
Received Import Request.
  Time since last request: 2.817987 seconds.
  path: Assets/Prefabs/Level Parts/Floor Button.prefab
  artifactKey: Guid(79e4c7813411d5845b04ecbe60911e35) Importer(815301076,1909f56bfc062723c751e8b465ee728b)
Start importing Assets/Prefabs/Level Parts/Floor Button.prefab using Guid(79e4c7813411d5845b04ecbe60911e35) Importer(815301076,1909f56bfc062723c751e8b465ee728b)  -> (artifact id: '8a6cdfdf848ce6b9da6f51310293ba7c') in 0.007104 seconds 
========================================================================
Received Import Request.
  Time since last request: 20.721584 seconds.
  path: Assets/Prefabs/Level Parts/Floor Button.prefab
  artifactKey: Guid(79e4c7813411d5845b04ecbe60911e35) Importer(815301076,1909f56bfc062723c751e8b465ee728b)
Start importing Assets/Prefabs/Level Parts/Floor Button.prefab using Guid(79e4c7813411d5845b04ecbe60911e35) Importer(815301076,1909f56bfc062723c751e8b465ee728b)  -> (artifact id: '434bf77760ff582aa4cb91d7fb8bb5d4') in 0.010195 seconds 
========================================================================
Received Import Request.
  Time since last request: 197.218060 seconds.
  path: Assets/Prefabs/Level Parts/Floor Button.prefab
  artifactKey: Guid(79e4c7813411d5845b04ecbe60911e35) Importer(815301076,1909f56bfc062723c751e8b465ee728b)
Start importing Assets/Prefabs/Level Parts/Floor Button.prefab using Guid(79e4c7813411d5845b04ecbe60911e35) Importer(815301076,1909f56bfc062723c751e8b465ee728b)  -> (artifact id: '55fdc24a9057433f935571213cbca9f0') in 0.010058 seconds 
========================================================================
Received Import Request.
  Time since last request: 4.936153 seconds.
  path: Assets/Prefabs/Level Parts/Door 2.prefab
  artifactKey: Guid(0119b332b11685547b6bd8aaca8feb6c) Importer(815301076,1909f56bfc062723c751e8b465ee728b)
Start importing Assets/Prefabs/Level Parts/Door 2.prefab using Guid(0119b332b11685547b6bd8aaca8feb6c) Importer(815301076,1909f56bfc062723c751e8b465ee728b)  -> (artifact id: '5753c2293dcc62141db9035146424a66') in 0.007255 seconds 
========================================================================
Received Import Request.
  Time since last request: 2.249780 seconds.
  path: Assets/Prefabs/Level Parts/Door 2.prefab
  artifactKey: Guid(0119b332b11685547b6bd8aaca8feb6c) Importer(815301076,1909f56bfc062723c751e8b465ee728b)
Start importing Assets/Prefabs/Level Parts/Door 2.prefab using Guid(0119b332b11685547b6bd8aaca8feb6c) Importer(815301076,1909f56bfc062723c751e8b465ee728b)  -> (artifact id: '2529a6bac38f0d15259b731fad637c97') in 0.007073 seconds 
========================================================================
Received Import Request.
  Time since last request: 6.839386 seconds.
  path: Assets/Prefabs/Level Parts/Door 2.prefab
  artifactKey: Guid(0119b332b11685547b6bd8aaca8feb6c) Importer(815301076,1909f56bfc062723c751e8b465ee728b)
Start importing Assets/Prefabs/Level Parts/Door 2.prefab using Guid(0119b332b11685547b6bd8aaca8feb6c) Importer(815301076,1909f56bfc062723c751e8b465ee728b)  -> (artifact id: '6bbc5e15a10038268716a09f5fdc597c') in 0.007298 seconds 
========================================================================
Received Import Request.
  Time since last request: 2.609845 seconds.
  path: Assets/Prefabs/Level Parts/Door 2.prefab
  artifactKey: Guid(0119b332b11685547b6bd8aaca8feb6c) Importer(815301076,1909f56bfc062723c751e8b465ee728b)
Start importing Assets/Prefabs/Level Parts/Door 2.prefab using Guid(0119b332b11685547b6bd8aaca8feb6c) Importer(815301076,1909f56bfc062723c751e8b465ee728b)  -> (artifact id: '94c6bfde5ceba63a99751a7658ebc7db') in 0.007111 seconds 
========================================================================
Received Import Request.
  Time since last request: 2.401846 seconds.
  path: Assets/Prefabs/Level Parts/Door 2.prefab
  artifactKey: Guid(0119b332b11685547b6bd8aaca8feb6c) Importer(815301076,1909f56bfc062723c751e8b465ee728b)
Start importing Assets/Prefabs/Level Parts/Door 2.prefab using Guid(0119b332b11685547b6bd8aaca8feb6c) Importer(815301076,1909f56bfc062723c751e8b465ee728b)  -> (artifact id: '3549854a39ef0ea27869c4f5e315367b') in 0.007360 seconds 
========================================================================
Received Import Request.
  Time since last request: 54.072948 seconds.
  path: Assets/Prefabs/Level Parts/Floor Button.prefab
  artifactKey: Guid(79e4c7813411d5845b04ecbe60911e35) Importer(815301076,1909f56bfc062723c751e8b465ee728b)
Start importing Assets/Prefabs/Level Parts/Floor Button.prefab using Guid(79e4c7813411d5845b04ecbe60911e35) Importer(815301076,1909f56bfc062723c751e8b465ee728b)  -> (artifact id: '61a073924b09d3f31be591d59b1238ae') in 0.009148 seconds 
========================================================================
Received Import Request.
  Time since last request: 6.234393 seconds.
  path: Assets/Prefabs/Level Parts/Floor Button.prefab
  artifactKey: Guid(79e4c7813411d5845b04ecbe60911e35) Importer(815301076,1909f56bfc062723c751e8b465ee728b)
Start importing Assets/Prefabs/Level Parts/Floor Button.prefab using Guid(79e4c7813411d5845b04ecbe60911e35) Importer(815301076,1909f56bfc062723c751e8b465ee728b)  -> (artifact id: '21890c715393e2efd81b95dd2f0ec38d') in 0.007809 seconds 
========================================================================
Received Import Request.
  Time since last request: 5.229475 seconds.
  path: Assets/Prefabs/Level Parts/Floor Button.prefab
  artifactKey: Guid(79e4c7813411d5845b04ecbe60911e35) Importer(815301076,1909f56bfc062723c751e8b465ee728b)
Start importing Assets/Prefabs/Level Parts/Floor Button.prefab using Guid(79e4c7813411d5845b04ecbe60911e35) Importer(815301076,1909f56bfc062723c751e8b465ee728b)  -> (artifact id: 'f751ee766d56bf5228bfa464bbb124d5') in 0.006883 seconds 
========================================================================
Received Import Request.
  Time since last request: 2.200856 seconds.
  path: Assets/Prefabs/Level Parts/Floor Button.prefab
  artifactKey: Guid(79e4c7813411d5845b04ecbe60911e35) Importer(815301076,1909f56bfc062723c751e8b465ee728b)
Start importing Assets/Prefabs/Level Parts/Floor Button.prefab using Guid(79e4c7813411d5845b04ecbe60911e35) Importer(815301076,1909f56bfc062723c751e8b465ee728b)  -> (artifact id: 'f2ef7bb8a672f1f3a65677197461bd84') in 0.006836 seconds 
========================================================================
Received Import Request.
  Time since last request: 167.505097 seconds.
  path: Assets/Prefabs/Level Parts/Floor Button.prefab
  artifactKey: Guid(79e4c7813411d5845b04ecbe60911e35) Importer(815301076,1909f56bfc062723c751e8b465ee728b)
Start importing Assets/Prefabs/Level Parts/Floor Button.prefab using Guid(79e4c7813411d5845b04ecbe60911e35) Importer(815301076,1909f56bfc062723c751e8b465ee728b)  -> (artifact id: '1fe5186a441eba0c75e939e965c2ba24') in 0.009494 seconds 
========================================================================
Received Prepare
Registering precompiled user dll's ...
Registered in 0.002313 seconds.
Begin MonoManager ReloadAssembly
Native extension for WindowsStandalone target not found
Refreshing native plugins compatible for Editor in 0.34 ms, found 2 plugins.
Preloading 0 native plugins for Editor in 0.00 ms.
Mono: successfully reloaded assembly
- Completed reload, in  0.627 seconds
Domain Reload Profiling:
	ReloadAssembly (628ms)
		BeginReloadAssembly (87ms)
			ExecutionOrderSort (0ms)
			DisableScriptedObjects (3ms)
			BackupInstance (0ms)
			ReleaseScriptingObjects (0ms)
			CreateAndSetChildDomain (25ms)
		EndReloadAssembly (498ms)
			LoadAssemblies (65ms)
			RebuildTransferFunctionScriptingTraits (0ms)
			SetupTypeCache (156ms)
			ReleaseScriptCaches (1ms)
			RebuildScriptCaches (28ms)
			SetupLoadedEditorAssemblies (199ms)
				LogAssemblyErrors (0ms)
				InitializePlatformSupportModulesInManaged (3ms)
				SetLoadedEditorAssemblies (0ms)
				RefreshPlugins (0ms)
				BeforeProcessingInitializeOnLoad (57ms)
				ProcessInitializeOnLoadAttributes (126ms)
				ProcessInitializeOnLoadMethodAttributes (7ms)
				AfterProcessingInitializeOnLoad (5ms)
				EditorAssembliesLoaded (0ms)
			ExecutionOrderSort2 (0ms)
			AwakeInstancesAfterBackupRestoration (5ms)
Platform modules already initialized, skipping
Refreshing native plugins compatible for Editor in 0.30 ms, found 2 plugins.
Preloading 0 native plugins for Editor in 0.00 ms.
Unloading 1524 Unused Serialized files (Serialized files now loaded: 0)
System memory in use before: 74.5 MB.
System memory in use after: 74.6 MB.

Unloading 11 unused Assets to reduce memory usage. Loaded Objects now: 2022.
Total: 2.059100 ms (FindLiveObjects: 0.120700 ms CreateObjectMapping: 0.033300 ms MarkObjects: 1.890900 ms  DeleteObjects: 0.013500 ms)

AssetImportParameters requested are different than current active one (requested -> active):
  custom:framework-win-MediaFoundation: 216162199b28c13a410421893ffa2e32 -> 
  custom:video-decoder-ogg-theora: a1e56fd34408186e4bbccfd4996cb3dc -> 
  custom:container-muxer-webm: aa71ff27fc2769a1b78a27578f13a17b -> 
  custom:container-demuxer-webm: 4f35f7cbe854078d1ac9338744f61a02 -> 
  custom:container-demuxer-ogg: 62fdf1f143b41e24485cea50d1cbac27 -> 
  custom:video-encoder-webm-vp8: eb34c28f22e8b96e1ab97ce403110664 -> 
  custom:video-decoder-webm-vp8: 9c59270c3fd7afecdb556c50c9e8de78 -> 
  custom:audio-decoder-ogg-vorbis: bf7c407c2cedff20999df2af8eb42d56 -> 
  custom:audio-encoder-webm-vorbis: bf7c407c2cedff20999df2af8eb42d56 -> 
========================================================================
Received Prepare
Registering precompiled user dll's ...
Registered in 0.001970 seconds.
Begin MonoManager ReloadAssembly
Native extension for WindowsStandalone target not found
Refreshing native plugins compatible for Editor in 0.35 ms, found 2 plugins.
Preloading 0 native plugins for Editor in 0.00 ms.
Mono: successfully reloaded assembly
- Completed reload, in  0.639 seconds
Domain Reload Profiling:
	ReloadAssembly (639ms)
		BeginReloadAssembly (87ms)
			ExecutionOrderSort (0ms)
			DisableScriptedObjects (3ms)
			BackupInstance (0ms)
			ReleaseScriptingObjects (0ms)
			CreateAndSetChildDomain (24ms)
		EndReloadAssembly (499ms)
			LoadAssemblies (71ms)
			RebuildTransferFunctionScriptingTraits (0ms)
			SetupTypeCache (157ms)
			ReleaseScriptCaches (1ms)
			RebuildScriptCaches (28ms)
			SetupLoadedEditorAssemblies (196ms)
				LogAssemblyErrors (0ms)
				InitializePlatformSupportModulesInManaged (3ms)
				SetLoadedEditorAssemblies (0ms)
				RefreshPlugins (0ms)
				BeforeProcessingInitializeOnLoad (56ms)
				ProcessInitializeOnLoadAttributes (124ms)
				ProcessInitializeOnLoadMethodAttributes (6ms)
				AfterProcessingInitializeOnLoad (6ms)
				EditorAssembliesLoaded (0ms)
			ExecutionOrderSort2 (0ms)
			AwakeInstancesAfterBackupRestoration (4ms)
Platform modules already initialized, skipping
Refreshing native plugins compatible for Editor in 0.34 ms, found 2 plugins.
Preloading 0 native plugins for Editor in 0.00 ms.
Unloading 1524 Unused Serialized files (Serialized files now loaded: 0)
System memory in use before: 74.5 MB.
System memory in use after: 74.6 MB.

Unloading 11 unused Assets to reduce memory usage. Loaded Objects now: 2025.
Total: 2.012300 ms (FindLiveObjects: 0.108500 ms CreateObjectMapping: 0.030200 ms MarkObjects: 1.857700 ms  DeleteObjects: 0.015400 ms)

AssetImportParameters requested are different than current active one (requested -> active):
  custom:framework-win-MediaFoundation: 216162199b28c13a410421893ffa2e32 -> 
  custom:video-decoder-ogg-theora: a1e56fd34408186e4bbccfd4996cb3dc -> 
  custom:container-muxer-webm: aa71ff27fc2769a1b78a27578f13a17b -> 
  custom:container-demuxer-webm: 4f35f7cbe854078d1ac9338744f61a02 -> 
  custom:container-demuxer-ogg: 62fdf1f143b41e24485cea50d1cbac27 -> 
  custom:video-encoder-webm-vp8: eb34c28f22e8b96e1ab97ce403110664 -> 
  custom:video-decoder-webm-vp8: 9c59270c3fd7afecdb556c50c9e8de78 -> 
  custom:audio-decoder-ogg-vorbis: bf7c407c2cedff20999df2af8eb42d56 -> 
  custom:audio-encoder-webm-vorbis: bf7c407c2cedff20999df2af8eb42d56 -> 
========================================================================
Received Import Request.
  Time since last request: 147.600318 seconds.
  path: Assets/Scenes/Start.unity
  artifactKey: Guid(c33c49504b4cb5e4bab6488534bf0ad3) Importer(815301076,1909f56bfc062723c751e8b465ee728b)
Start importing Assets/Scenes/Start.unity using Guid(c33c49504b4cb5e4bab6488534bf0ad3) Importer(815301076,1909f56bfc062723c751e8b465ee728b)  -> (artifact id: 'a1fb0ec7d62c3841f2af19e4d0170782') in 0.007551 seconds 
========================================================================
Received Prepare
Registering precompiled user dll's ...
Registered in 0.002088 seconds.
Begin MonoManager ReloadAssembly
Native extension for WindowsStandalone target not found
Refreshing native plugins compatible for Editor in 0.35 ms, found 2 plugins.
Preloading 0 native plugins for Editor in 0.00 ms.
Mono: successfully reloaded assembly
- Completed reload, in  0.626 seconds
Domain Reload Profiling:
	ReloadAssembly (626ms)
		BeginReloadAssembly (86ms)
			ExecutionOrderSort (0ms)
			DisableScriptedObjects (4ms)
			BackupInstance (0ms)
			ReleaseScriptingObjects (0ms)
			CreateAndSetChildDomain (24ms)
		EndReloadAssembly (497ms)
			LoadAssemblies (65ms)
			RebuildTransferFunctionScriptingTraits (0ms)
			SetupTypeCache (153ms)
			ReleaseScriptCaches (1ms)
			RebuildScriptCaches (29ms)
			SetupLoadedEditorAssemblies (200ms)
				LogAssemblyErrors (0ms)
				InitializePlatformSupportModulesInManaged (4ms)
				SetLoadedEditorAssemblies (0ms)
				RefreshPlugins (0ms)
				BeforeProcessingInitializeOnLoad (58ms)
				ProcessInitializeOnLoadAttributes (126ms)
				ProcessInitializeOnLoadMethodAttributes (6ms)
				AfterProcessingInitializeOnLoad (5ms)
				EditorAssembliesLoaded (0ms)
			ExecutionOrderSort2 (0ms)
			AwakeInstancesAfterBackupRestoration (4ms)
Platform modules already initialized, skipping
Refreshing native plugins compatible for Editor in 0.32 ms, found 2 plugins.
Preloading 0 native plugins for Editor in 0.00 ms.
Unloading 1524 Unused Serialized files (Serialized files now loaded: 0)
System memory in use before: 74.5 MB.
System memory in use after: 74.6 MB.

Unloading 11 unused Assets to reduce memory usage. Loaded Objects now: 2028.
Total: 2.173600 ms (FindLiveObjects: 0.121200 ms CreateObjectMapping: 0.040600 ms MarkObjects: 1.996300 ms  DeleteObjects: 0.014700 ms)

AssetImportParameters requested are different than current active one (requested -> active):
  custom:framework-win-MediaFoundation: 216162199b28c13a410421893ffa2e32 -> 
  custom:video-decoder-ogg-theora: a1e56fd34408186e4bbccfd4996cb3dc -> 
  custom:container-muxer-webm: aa71ff27fc2769a1b78a27578f13a17b -> 
  custom:container-demuxer-webm: 4f35f7cbe854078d1ac9338744f61a02 -> 
  custom:container-demuxer-ogg: 62fdf1f143b41e24485cea50d1cbac27 -> 
  custom:video-encoder-webm-vp8: eb34c28f22e8b96e1ab97ce403110664 -> 
  custom:video-decoder-webm-vp8: 9c59270c3fd7afecdb556c50c9e8de78 -> 
  custom:audio-decoder-ogg-vorbis: bf7c407c2cedff20999df2af8eb42d56 -> 
  custom:audio-encoder-webm-vorbis: bf7c407c2cedff20999df2af8eb42d56 -> 
========================================================================
Received Prepare
Registering precompiled user dll's ...
Registered in 0.002094 seconds.
Begin MonoManager ReloadAssembly
Native extension for WindowsStandalone target not found
Refreshing native plugins compatible for Editor in 0.36 ms, found 2 plugins.
Preloading 0 native plugins for Editor in 0.00 ms.
Mono: successfully reloaded assembly
- Completed reload, in  0.620 seconds
Domain Reload Profiling:
	ReloadAssembly (621ms)
		BeginReloadAssembly (86ms)
			ExecutionOrderSort (0ms)
			DisableScriptedObjects (4ms)
			BackupInstance (0ms)
			ReleaseScriptingObjects (0ms)
			CreateAndSetChildDomain (24ms)
		EndReloadAssembly (494ms)
			LoadAssemblies (64ms)
			RebuildTransferFunctionScriptingTraits (0ms)
			SetupTypeCache (155ms)
			ReleaseScriptCaches (1ms)
			RebuildScriptCaches (28ms)
			SetupLoadedEditorAssemblies (199ms)
				LogAssemblyErrors (0ms)
				InitializePlatformSupportModulesInManaged (4ms)
				SetLoadedEditorAssemblies (0ms)
				RefreshPlugins (0ms)
				BeforeProcessingInitializeOnLoad (58ms)
				ProcessInitializeOnLoadAttributes (126ms)
				ProcessInitializeOnLoadMethodAttributes (6ms)
				AfterProcessingInitializeOnLoad (5ms)
				EditorAssembliesLoaded (0ms)
			ExecutionOrderSort2 (0ms)
			AwakeInstancesAfterBackupRestoration (4ms)
Platform modules already initialized, skipping
Refreshing native plugins compatible for Editor in 0.28 ms, found 2 plugins.
Preloading 0 native plugins for Editor in 0.00 ms.
Unloading 1524 Unused Serialized files (Serialized files now loaded: 0)
System memory in use before: 74.5 MB.
System memory in use after: 74.6 MB.

Unloading 11 unused Assets to reduce memory usage. Loaded Objects now: 2031.
Total: 2.069400 ms (FindLiveObjects: 0.100000 ms CreateObjectMapping: 0.033100 ms MarkObjects: 1.921600 ms  DeleteObjects: 0.014200 ms)

AssetImportParameters requested are different than current active one (requested -> active):
  custom:framework-win-MediaFoundation: 216162199b28c13a410421893ffa2e32 -> 
  custom:video-decoder-ogg-theora: a1e56fd34408186e4bbccfd4996cb3dc -> 
  custom:container-muxer-webm: aa71ff27fc2769a1b78a27578f13a17b -> 
  custom:container-demuxer-webm: 4f35f7cbe854078d1ac9338744f61a02 -> 
  custom:container-demuxer-ogg: 62fdf1f143b41e24485cea50d1cbac27 -> 
  custom:video-encoder-webm-vp8: eb34c28f22e8b96e1ab97ce403110664 -> 
  custom:video-decoder-webm-vp8: 9c59270c3fd7afecdb556c50c9e8de78 -> 
  custom:audio-decoder-ogg-vorbis: bf7c407c2cedff20999df2af8eb42d56 -> 
  custom:audio-encoder-webm-vorbis: bf7c407c2cedff20999df2af8eb42d56 -> 
========================================================================
Received Prepare
Registering precompiled user dll's ...
Registered in 0.002050 seconds.
Begin MonoManager ReloadAssembly
Native extension for WindowsStandalone target not found
Refreshing native plugins compatible for Editor in 0.34 ms, found 2 plugins.
Preloading 0 native plugins for Editor in 0.00 ms.
Mono: successfully reloaded assembly
- Completed reload, in  0.637 seconds
Domain Reload Profiling:
	ReloadAssembly (637ms)
		BeginReloadAssembly (85ms)
			ExecutionOrderSort (0ms)
			DisableScriptedObjects (4ms)
			BackupInstance (0ms)
			ReleaseScriptingObjects (0ms)
			CreateAndSetChildDomain (24ms)
		EndReloadAssembly (511ms)
			LoadAssemblies (65ms)
			RebuildTransferFunctionScriptingTraits (0ms)
			SetupTypeCache (167ms)
			ReleaseScriptCaches (1ms)
			RebuildScriptCaches (30ms)
			SetupLoadedEditorAssemblies (199ms)
				LogAssemblyErrors (0ms)
				InitializePlatformSupportModulesInManaged (3ms)
				SetLoadedEditorAssemblies (0ms)
				RefreshPlugins (0ms)
				BeforeProcessingInitializeOnLoad (58ms)
				ProcessInitializeOnLoadAttributes (125ms)
				ProcessInitializeOnLoadMethodAttributes (6ms)
				AfterProcessingInitializeOnLoad (5ms)
				EditorAssembliesLoaded (0ms)
			ExecutionOrderSort2 (0ms)
			AwakeInstancesAfterBackupRestoration (5ms)
Platform modules already initialized, skipping
Refreshing native plugins compatible for Editor in 0.35 ms, found 2 plugins.
Preloading 0 native plugins for Editor in 0.00 ms.
Unloading 1524 Unused Serialized files (Serialized files now loaded: 0)
System memory in use before: 74.5 MB.
System memory in use after: 74.6 MB.

Unloading 11 unused Assets to reduce memory usage. Loaded Objects now: 2034.
Total: 2.328100 ms (FindLiveObjects: 0.137900 ms CreateObjectMapping: 0.056200 ms MarkObjects: 2.116000 ms  DeleteObjects: 0.017300 ms)

AssetImportParameters requested are different than current active one (requested -> active):
  custom:framework-win-MediaFoundation: 216162199b28c13a410421893ffa2e32 -> 
  custom:video-decoder-ogg-theora: a1e56fd34408186e4bbccfd4996cb3dc -> 
  custom:container-muxer-webm: aa71ff27fc2769a1b78a27578f13a17b -> 
  custom:container-demuxer-webm: 4f35f7cbe854078d1ac9338744f61a02 -> 
  custom:container-demuxer-ogg: 62fdf1f143b41e24485cea50d1cbac27 -> 
  custom:video-encoder-webm-vp8: eb34c28f22e8b96e1ab97ce403110664 -> 
  custom:video-decoder-webm-vp8: 9c59270c3fd7afecdb556c50c9e8de78 -> 
  custom:audio-decoder-ogg-vorbis: bf7c407c2cedff20999df2af8eb42d56 -> 
  custom:audio-encoder-webm-vorbis: bf7c407c2cedff20999df2af8eb42d56 -> 
========================================================================
Received Prepare
Registering precompiled user dll's ...
Registered in 0.002205 seconds.
Begin MonoManager ReloadAssembly
Native extension for WindowsStandalone target not found
Refreshing native plugins compatible for Editor in 0.36 ms, found 2 plugins.
Preloading 0 native plugins for Editor in 0.00 ms.
Mono: successfully reloaded assembly
- Completed reload, in  0.686 seconds
Domain Reload Profiling:
	ReloadAssembly (686ms)
		BeginReloadAssembly (93ms)
			ExecutionOrderSort (0ms)
			DisableScriptedObjects (4ms)
			BackupInstance (0ms)
			ReleaseScriptingObjects (0ms)
			CreateAndSetChildDomain (25ms)
		EndReloadAssembly (548ms)
			LoadAssemblies (71ms)
			RebuildTransferFunctionScriptingTraits (0ms)
			SetupTypeCache (171ms)
			ReleaseScriptCaches (1ms)
			RebuildScriptCaches (31ms)
			SetupLoadedEditorAssemblies (222ms)
				LogAssemblyErrors (0ms)
				InitializePlatformSupportModulesInManaged (4ms)
				SetLoadedEditorAssemblies (0ms)
				RefreshPlugins (0ms)
				BeforeProcessingInitializeOnLoad (63ms)
				ProcessInitializeOnLoadAttributes (138ms)
				ProcessInitializeOnLoadMethodAttributes (8ms)
				AfterProcessingInitializeOnLoad (8ms)
				EditorAssembliesLoaded (0ms)
			ExecutionOrderSort2 (0ms)
			AwakeInstancesAfterBackupRestoration (6ms)
Platform modules already initialized, skipping
Refreshing native plugins compatible for Editor in 0.35 ms, found 2 plugins.
Preloading 0 native plugins for Editor in 0.00 ms.
Unloading 1524 Unused Serialized files (Serialized files now loaded: 0)
System memory in use before: 74.5 MB.
System memory in use after: 74.6 MB.

Unloading 11 unused Assets to reduce memory usage. Loaded Objects now: 2037.
Total: 2.409700 ms (FindLiveObjects: 0.141400 ms CreateObjectMapping: 0.056400 ms MarkObjects: 2.194100 ms  DeleteObjects: 0.017200 ms)

AssetImportParameters requested are different than current active one (requested -> active):
  custom:framework-win-MediaFoundation: 216162199b28c13a410421893ffa2e32 -> 
  custom:video-decoder-ogg-theora: a1e56fd34408186e4bbccfd4996cb3dc -> 
  custom:container-muxer-webm: aa71ff27fc2769a1b78a27578f13a17b -> 
  custom:container-demuxer-webm: 4f35f7cbe854078d1ac9338744f61a02 -> 
  custom:container-demuxer-ogg: 62fdf1f143b41e24485cea50d1cbac27 -> 
  custom:video-encoder-webm-vp8: eb34c28f22e8b96e1ab97ce403110664 -> 
  custom:video-decoder-webm-vp8: 9c59270c3fd7afecdb556c50c9e8de78 -> 
  custom:audio-decoder-ogg-vorbis: bf7c407c2cedff20999df2af8eb42d56 -> 
  custom:audio-encoder-webm-vorbis: bf7c407c2cedff20999df2af8eb42d56 -> 
========================================================================
Received Prepare
Registering precompiled user dll's ...
Registered in 0.002016 seconds.
Begin MonoManager ReloadAssembly
Native extension for WindowsStandalone target not found
Refreshing native plugins compatible for Editor in 0.34 ms, found 2 plugins.
Preloading 0 native plugins for Editor in 0.00 ms.
Mono: successfully reloaded assembly
- Completed reload, in  0.643 seconds
Domain Reload Profiling:
	ReloadAssembly (644ms)
		BeginReloadAssembly (84ms)
			ExecutionOrderSort (0ms)
			DisableScriptedObjects (3ms)
			BackupInstance (0ms)
			ReleaseScriptingObjects (0ms)
			CreateAndSetChildDomain (24ms)
		EndReloadAssembly (518ms)
			LoadAssemblies (63ms)
			RebuildTransferFunctionScriptingTraits (0ms)
			SetupTypeCache (152ms)
			ReleaseScriptCaches (1ms)
			RebuildScriptCaches (32ms)
			SetupLoadedEditorAssemblies (216ms)
				LogAssemblyErrors (0ms)
				InitializePlatformSupportModulesInManaged (4ms)
				SetLoadedEditorAssemblies (0ms)
				RefreshPlugins (0ms)
				BeforeProcessingInitializeOnLoad (63ms)
				ProcessInitializeOnLoadAttributes (135ms)
				ProcessInitializeOnLoadMethodAttributes (8ms)
				AfterProcessingInitializeOnLoad (6ms)
				EditorAssembliesLoaded (0ms)
			ExecutionOrderSort2 (0ms)
			AwakeInstancesAfterBackupRestoration (5ms)
Platform modules already initialized, skipping
Refreshing native plugins compatible for Editor in 0.32 ms, found 2 plugins.
Preloading 0 native plugins for Editor in 0.00 ms.
Unloading 1524 Unused Serialized files (Serialized files now loaded: 0)
System memory in use before: 74.5 MB.
System memory in use after: 74.6 MB.

Unloading 11 unused Assets to reduce memory usage. Loaded Objects now: 2040.
Total: 2.409800 ms (FindLiveObjects: 0.129800 ms CreateObjectMapping: 0.044800 ms MarkObjects: 2.217900 ms  DeleteObjects: 0.016700 ms)

AssetImportParameters requested are different than current active one (requested -> active):
  custom:framework-win-MediaFoundation: 216162199b28c13a410421893ffa2e32 -> 
  custom:video-decoder-ogg-theora: a1e56fd34408186e4bbccfd4996cb3dc -> 
  custom:container-muxer-webm: aa71ff27fc2769a1b78a27578f13a17b -> 
  custom:container-demuxer-webm: 4f35f7cbe854078d1ac9338744f61a02 -> 
  custom:container-demuxer-ogg: 62fdf1f143b41e24485cea50d1cbac27 -> 
  custom:video-encoder-webm-vp8: eb34c28f22e8b96e1ab97ce403110664 -> 
  custom:video-decoder-webm-vp8: 9c59270c3fd7afecdb556c50c9e8de78 -> 
  custom:audio-decoder-ogg-vorbis: bf7c407c2cedff20999df2af8eb42d56 -> 
  custom:audio-encoder-webm-vorbis: bf7c407c2cedff20999df2af8eb42d56 -> 
========================================================================
Received Prepare
Registering precompiled user dll's ...
Registered in 0.002276 seconds.
Begin MonoManager ReloadAssembly
Native extension for WindowsStandalone target not found
Refreshing native plugins compatible for Editor in 0.37 ms, found 2 plugins.
Preloading 0 native plugins for Editor in 0.00 ms.
Mono: successfully reloaded assembly
- Completed reload, in  0.717 seconds
Domain Reload Profiling:
	ReloadAssembly (718ms)
		BeginReloadAssembly (92ms)
			ExecutionOrderSort (0ms)
			DisableScriptedObjects (3ms)
			BackupInstance (0ms)
			ReleaseScriptingObjects (0ms)
			CreateAndSetChildDomain (24ms)
		EndReloadAssembly (578ms)
			LoadAssemblies (71ms)
			RebuildTransferFunctionScriptingTraits (0ms)
			SetupTypeCache (201ms)
			ReleaseScriptCaches (1ms)
			RebuildScriptCaches (30ms)
			SetupLoadedEditorAssemblies (218ms)
				LogAssemblyErrors (0ms)
				InitializePlatformSupportModulesInManaged (4ms)
				SetLoadedEditorAssemblies (0ms)
				RefreshPlugins (0ms)
				BeforeProcessingInitializeOnLoad (62ms)
				ProcessInitializeOnLoadAttributes (139ms)
				ProcessInitializeOnLoadMethodAttributes (7ms)
				AfterProcessingInitializeOnLoad (6ms)
				EditorAssembliesLoaded (0ms)
			ExecutionOrderSort2 (0ms)
			AwakeInstancesAfterBackupRestoration (5ms)
Platform modules already initialized, skipping
Refreshing native plugins compatible for Editor in 0.36 ms, found 2 plugins.
Preloading 0 native plugins for Editor in 0.00 ms.
Unloading 1524 Unused Serialized files (Serialized files now loaded: 0)
System memory in use before: 74.5 MB.
System memory in use after: 74.6 MB.

Unloading 11 unused Assets to reduce memory usage. Loaded Objects now: 2043.
Total: 2.352500 ms (FindLiveObjects: 0.140900 ms CreateObjectMapping: 0.049000 ms MarkObjects: 2.143300 ms  DeleteObjects: 0.018700 ms)

AssetImportParameters requested are different than current active one (requested -> active):
  custom:framework-win-MediaFoundation: 216162199b28c13a410421893ffa2e32 -> 
  custom:video-decoder-ogg-theora: a1e56fd34408186e4bbccfd4996cb3dc -> 
  custom:container-muxer-webm: aa71ff27fc2769a1b78a27578f13a17b -> 
  custom:container-demuxer-webm: 4f35f7cbe854078d1ac9338744f61a02 -> 
  custom:container-demuxer-ogg: 62fdf1f143b41e24485cea50d1cbac27 -> 
  custom:video-encoder-webm-vp8: eb34c28f22e8b96e1ab97ce403110664 -> 
  custom:video-decoder-webm-vp8: 9c59270c3fd7afecdb556c50c9e8de78 -> 
  custom:audio-decoder-ogg-vorbis: bf7c407c2cedff20999df2af8eb42d56 -> 
  custom:audio-encoder-webm-vorbis: bf7c407c2cedff20999df2af8eb42d56 -> 
========================================================================
Received Prepare
Registering precompiled user dll's ...
Registered in 0.001985 seconds.
Begin MonoManager ReloadAssembly
Native extension for WindowsStandalone target not found
Refreshing native plugins compatible for Editor in 0.35 ms, found 2 plugins.
Preloading 0 native plugins for Editor in 0.00 ms.
Mono: successfully reloaded assembly
- Completed reload, in  0.615 seconds
Domain Reload Profiling:
	ReloadAssembly (616ms)
		BeginReloadAssembly (83ms)
			ExecutionOrderSort (0ms)
			DisableScriptedObjects (3ms)
			BackupInstance (0ms)
			ReleaseScriptingObjects (0ms)
			CreateAndSetChildDomain (23ms)
		EndReloadAssembly (491ms)
			LoadAssemblies (63ms)
			RebuildTransferFunctionScriptingTraits (0ms)
			SetupTypeCache (152ms)
			ReleaseScriptCaches (1ms)
			RebuildScriptCaches (28ms)
			SetupLoadedEditorAssemblies (199ms)
				LogAssemblyErrors (0ms)
				InitializePlatformSupportModulesInManaged (4ms)
				SetLoadedEditorAssemblies (0ms)
				RefreshPlugins (0ms)
				BeforeProcessingInitializeOnLoad (56ms)
				ProcessInitializeOnLoadAttributes (126ms)
				ProcessInitializeOnLoadMethodAttributes (7ms)
				AfterProcessingInitializeOnLoad (5ms)
				EditorAssembliesLoaded (0ms)
			ExecutionOrderSort2 (0ms)
			AwakeInstancesAfterBackupRestoration (4ms)
Platform modules already initialized, skipping
Refreshing native plugins compatible for Editor in 0.31 ms, found 2 plugins.
Preloading 0 native plugins for Editor in 0.00 ms.
Unloading 1524 Unused Serialized files (Serialized files now loaded: 0)
System memory in use before: 74.5 MB.
System memory in use after: 74.7 MB.

Unloading 11 unused Assets to reduce memory usage. Loaded Objects now: 2046.
Total: 2.699200 ms (FindLiveObjects: 0.188500 ms CreateObjectMapping: 0.064700 ms MarkObjects: 2.429400 ms  DeleteObjects: 0.015800 ms)

AssetImportParameters requested are different than current active one (requested -> active):
  custom:framework-win-MediaFoundation: 216162199b28c13a410421893ffa2e32 -> 
  custom:video-decoder-ogg-theora: a1e56fd34408186e4bbccfd4996cb3dc -> 
  custom:container-muxer-webm: aa71ff27fc2769a1b78a27578f13a17b -> 
  custom:container-demuxer-webm: 4f35f7cbe854078d1ac9338744f61a02 -> 
  custom:container-demuxer-ogg: 62fdf1f143b41e24485cea50d1cbac27 -> 
  custom:video-encoder-webm-vp8: eb34c28f22e8b96e1ab97ce403110664 -> 
  custom:video-decoder-webm-vp8: 9c59270c3fd7afecdb556c50c9e8de78 -> 
  custom:audio-decoder-ogg-vorbis: bf7c407c2cedff20999df2af8eb42d56 -> 
  custom:audio-encoder-webm-vorbis: bf7c407c2cedff20999df2af8eb42d56 -> 
========================================================================
Received Import Request.
  Time since last request: 678.243092 seconds.
  path: Assets/Materials/Level Parts/FloorButton 0.1x1.5.mat
  artifactKey: Guid(e1157767b82e345408c7d0c2b429d4c9) Importer(815301076,1909f56bfc062723c751e8b465ee728b)
Start importing Assets/Materials/Level Parts/FloorButton 0.1x1.5.mat using Guid(e1157767b82e345408c7d0c2b429d4c9) Importer(815301076,1909f56bfc062723c751e8b465ee728b)  -> (artifact id: '67d48f8e938e432d5dd69a81b0bcf748') in 0.042762 seconds 
========================================================================
Received Import Request.
  Time since last request: 13.593478 seconds.
  path: Assets/Prefabs/Player.prefab
  artifactKey: Guid(0b5113d98a63b1442a817f43b28967fd) Importer(815301076,1909f56bfc062723c751e8b465ee728b)
Start importing Assets/Prefabs/Player.prefab using Guid(0b5113d98a63b1442a817f43b28967fd) Importer(815301076,1909f56bfc062723c751e8b465ee728b)  -> (artifact id: 'f7fd04ebab2e57de61a1303814544e26') in 0.015821 seconds 
========================================================================
Received Import Request.
  Time since last request: 14.881633 seconds.
  path: Assets/Prefabs/Player.prefab
  artifactKey: Guid(0b5113d98a63b1442a817f43b28967fd) Importer(815301076,1909f56bfc062723c751e8b465ee728b)
Start importing Assets/Prefabs/Player.prefab using Guid(0b5113d98a63b1442a817f43b28967fd) Importer(815301076,1909f56bfc062723c751e8b465ee728b)  -> (artifact id: 'cd69c2a9f586180cd7e671b76d1b8a2f') in 0.005864 seconds 
========================================================================
Received Import Request.
  Time since last request: 3.218885 seconds.
  path: Assets/Prefabs/Player.prefab
  artifactKey: Guid(0b5113d98a63b1442a817f43b28967fd) Importer(815301076,1909f56bfc062723c751e8b465ee728b)
Start importing Assets/Prefabs/Player.prefab using Guid(0b5113d98a63b1442a817f43b28967fd) Importer(815301076,1909f56bfc062723c751e8b465ee728b)  -> (artifact id: '199d5210badf1c993ae189c7dc4ba30c') in 0.006169 seconds 
========================================================================
Received Import Request.
  Time since last request: 2.808665 seconds.
  path: Assets/Prefabs/Player.prefab
  artifactKey: Guid(0b5113d98a63b1442a817f43b28967fd) Importer(815301076,1909f56bfc062723c751e8b465ee728b)
Start importing Assets/Prefabs/Player.prefab using Guid(0b5113d98a63b1442a817f43b28967fd) Importer(815301076,1909f56bfc062723c751e8b465ee728b)  -> (artifact id: 'f8337097549c64a11220ba5f7a4ffb16') in 0.006065 seconds 
========================================================================
Received Import Request.
  Time since last request: 4.218212 seconds.
  path: Assets/Prefabs/Player.prefab
  artifactKey: Guid(0b5113d98a63b1442a817f43b28967fd) Importer(815301076,1909f56bfc062723c751e8b465ee728b)
Start importing Assets/Prefabs/Player.prefab using Guid(0b5113d98a63b1442a817f43b28967fd) Importer(815301076,1909f56bfc062723c751e8b465ee728b)  -> (artifact id: '2300b234dbcab23577f0de5809e23b46') in 0.006485 seconds 
========================================================================
Received Prepare
Registering precompiled user dll's ...
Registered in 0.002042 seconds.
Begin MonoManager ReloadAssembly
Native extension for WindowsStandalone target not found
Refreshing native plugins compatible for Editor in 0.33 ms, found 2 plugins.
Preloading 0 native plugins for Editor in 0.00 ms.
Mono: successfully reloaded assembly
- Completed reload, in  0.619 seconds
Domain Reload Profiling:
	ReloadAssembly (619ms)
		BeginReloadAssembly (85ms)
			ExecutionOrderSort (0ms)
			DisableScriptedObjects (3ms)
			BackupInstance (0ms)
			ReleaseScriptingObjects (0ms)
			CreateAndSetChildDomain (24ms)
		EndReloadAssembly (492ms)
			LoadAssemblies (64ms)
			RebuildTransferFunctionScriptingTraits (0ms)
			SetupTypeCache (154ms)
			ReleaseScriptCaches (1ms)
			RebuildScriptCaches (29ms)
			SetupLoadedEditorAssemblies (195ms)
				LogAssemblyErrors (0ms)
				InitializePlatformSupportModulesInManaged (3ms)
				SetLoadedEditorAssemblies (0ms)
				RefreshPlugins (0ms)
				BeforeProcessingInitializeOnLoad (56ms)
				ProcessInitializeOnLoadAttributes (122ms)
				ProcessInitializeOnLoadMethodAttributes (6ms)
				AfterProcessingInitializeOnLoad (6ms)
				EditorAssembliesLoaded (0ms)
			ExecutionOrderSort2 (0ms)
			AwakeInstancesAfterBackupRestoration (5ms)
Platform modules already initialized, skipping
Refreshing native plugins compatible for Editor in 0.28 ms, found 2 plugins.
Preloading 0 native plugins for Editor in 0.00 ms.
Unloading 1524 Unused Serialized files (Serialized files now loaded: 0)
System memory in use before: 74.6 MB.
System memory in use after: 74.7 MB.

Unloading 12 unused Assets to reduce memory usage. Loaded Objects now: 2051.
Total: 2.065600 ms (FindLiveObjects: 0.096300 ms CreateObjectMapping: 0.035500 ms MarkObjects: 1.916400 ms  DeleteObjects: 0.016700 ms)

AssetImportParameters requested are different than current active one (requested -> active):
  custom:framework-win-MediaFoundation: 216162199b28c13a410421893ffa2e32 -> 
  custom:video-decoder-ogg-theora: a1e56fd34408186e4bbccfd4996cb3dc -> 
  custom:container-muxer-webm: aa71ff27fc2769a1b78a27578f13a17b -> 
  custom:container-demuxer-webm: 4f35f7cbe854078d1ac9338744f61a02 -> 
  custom:container-demuxer-ogg: 62fdf1f143b41e24485cea50d1cbac27 -> 
  custom:video-encoder-webm-vp8: eb34c28f22e8b96e1ab97ce403110664 -> 
  custom:video-decoder-webm-vp8: 9c59270c3fd7afecdb556c50c9e8de78 -> 
  custom:audio-decoder-ogg-vorbis: bf7c407c2cedff20999df2af8eb42d56 -> 
  custom:audio-encoder-webm-vorbis: bf7c407c2cedff20999df2af8eb42d56 -> 
========================================================================
Received Import Request.
  Time since last request: 19.395325 seconds.
  path: Assets/Prefabs/Player.prefab
  artifactKey: Guid(0b5113d98a63b1442a817f43b28967fd) Importer(815301076,1909f56bfc062723c751e8b465ee728b)
Start importing Assets/Prefabs/Player.prefab using Guid(0b5113d98a63b1442a817f43b28967fd) Importer(815301076,1909f56bfc062723c751e8b465ee728b)  -> (artifact id: 'a39100f27805d25625f4cadaf22231db') in 0.036864 seconds 
========================================================================
Received Prepare
Registering precompiled user dll's ...
Registered in 0.002308 seconds.
Begin MonoManager ReloadAssembly
Native extension for WindowsStandalone target not found
Refreshing native plugins compatible for Editor in 0.36 ms, found 2 plugins.
Preloading 0 native plugins for Editor in 0.00 ms.
Mono: successfully reloaded assembly
- Completed reload, in  0.688 seconds
Domain Reload Profiling:
	ReloadAssembly (689ms)
		BeginReloadAssembly (94ms)
			ExecutionOrderSort (0ms)
			DisableScriptedObjects (3ms)
			BackupInstance (0ms)
			ReleaseScriptingObjects (0ms)
			CreateAndSetChildDomain (26ms)
		EndReloadAssembly (550ms)
			LoadAssemblies (70ms)
			RebuildTransferFunctionScriptingTraits (0ms)
			SetupTypeCache (175ms)
			ReleaseScriptCaches (1ms)
			RebuildScriptCaches (30ms)
			SetupLoadedEditorAssemblies (219ms)
				LogAssemblyErrors (0ms)
				InitializePlatformSupportModulesInManaged (5ms)
				SetLoadedEditorAssemblies (0ms)
				RefreshPlugins (0ms)
				BeforeProcessingInitializeOnLoad (63ms)
				ProcessInitializeOnLoadAttributes (138ms)
				ProcessInitializeOnLoadMethodAttributes (7ms)
				AfterProcessingInitializeOnLoad (6ms)
				EditorAssembliesLoaded (0ms)
			ExecutionOrderSort2 (0ms)
			AwakeInstancesAfterBackupRestoration (6ms)
Platform modules already initialized, skipping
Refreshing native plugins compatible for Editor in 0.35 ms, found 2 plugins.
Preloading 0 native plugins for Editor in 0.00 ms.
Unloading 1524 Unused Serialized files (Serialized files now loaded: 0)
System memory in use before: 74.6 MB.
System memory in use after: 74.7 MB.

Unloading 12 unused Assets to reduce memory usage. Loaded Objects now: 2055.
Total: 2.326500 ms (FindLiveObjects: 0.137300 ms CreateObjectMapping: 0.049700 ms MarkObjects: 2.117300 ms  DeleteObjects: 0.021500 ms)

AssetImportParameters requested are different than current active one (requested -> active):
  custom:framework-win-MediaFoundation: 216162199b28c13a410421893ffa2e32 -> 
  custom:video-decoder-ogg-theora: a1e56fd34408186e4bbccfd4996cb3dc -> 
  custom:container-muxer-webm: aa71ff27fc2769a1b78a27578f13a17b -> 
  custom:container-demuxer-webm: 4f35f7cbe854078d1ac9338744f61a02 -> 
  custom:container-demuxer-ogg: 62fdf1f143b41e24485cea50d1cbac27 -> 
  custom:video-encoder-webm-vp8: eb34c28f22e8b96e1ab97ce403110664 -> 
  custom:video-decoder-webm-vp8: 9c59270c3fd7afecdb556c50c9e8de78 -> 
  custom:audio-decoder-ogg-vorbis: bf7c407c2cedff20999df2af8eb42d56 -> 
  custom:audio-encoder-webm-vorbis: bf7c407c2cedff20999df2af8eb42d56 -> 
========================================================================
Received Import Request.
  Time since last request: 29.372342 seconds.
  path: Assets/Prefabs/Player.prefab
  artifactKey: Guid(0b5113d98a63b1442a817f43b28967fd) Importer(815301076,1909f56bfc062723c751e8b465ee728b)
Start importing Assets/Prefabs/Player.prefab using Guid(0b5113d98a63b1442a817f43b28967fd) Importer(815301076,1909f56bfc062723c751e8b465ee728b)  -> (artifact id: 'cb7bc981f5a3811f71e98f570c2e1e86') in 0.042067 seconds 
========================================================================
Received Import Request.
  Time since last request: 23.974178 seconds.
  path: Assets/Prefabs/Level Parts/Floor Button.prefab
  artifactKey: Guid(79e4c7813411d5845b04ecbe60911e35) Importer(815301076,1909f56bfc062723c751e8b465ee728b)
Start importing Assets/Prefabs/Level Parts/Floor Button.prefab using Guid(79e4c7813411d5845b04ecbe60911e35) Importer(815301076,1909f56bfc062723c751e8b465ee728b)  -> (artifact id: '5d7747d02b79abe43f7cfb82e7be06ef') in 0.007984 seconds 
========================================================================
Received Prepare
Registering precompiled user dll's ...
Registered in 0.002378 seconds.
Begin MonoManager ReloadAssembly
Native extension for WindowsStandalone target not found
Refreshing native plugins compatible for Editor in 0.34 ms, found 2 plugins.
Preloading 0 native plugins for Editor in 0.00 ms.
Mono: successfully reloaded assembly
- Completed reload, in  0.620 seconds
Domain Reload Profiling:
	ReloadAssembly (620ms)
		BeginReloadAssembly (85ms)
			ExecutionOrderSort (0ms)
			DisableScriptedObjects (3ms)
			BackupInstance (0ms)
			ReleaseScriptingObjects (0ms)
			CreateAndSetChildDomain (24ms)
		EndReloadAssembly (494ms)
			LoadAssemblies (64ms)
			RebuildTransferFunctionScriptingTraits (0ms)
			SetupTypeCache (154ms)
			ReleaseScriptCaches (1ms)
			RebuildScriptCaches (28ms)
			SetupLoadedEditorAssemblies (195ms)
				LogAssemblyErrors (0ms)
				InitializePlatformSupportModulesInManaged (3ms)
				SetLoadedEditorAssemblies (0ms)
				RefreshPlugins (0ms)
				BeforeProcessingInitializeOnLoad (56ms)
				ProcessInitializeOnLoadAttributes (123ms)
				ProcessInitializeOnLoadMethodAttributes (6ms)
				AfterProcessingInitializeOnLoad (5ms)
				EditorAssembliesLoaded (0ms)
			ExecutionOrderSort2 (0ms)
			AwakeInstancesAfterBackupRestoration (4ms)
Platform modules already initialized, skipping
Refreshing native plugins compatible for Editor in 0.28 ms, found 2 plugins.
Preloading 0 native plugins for Editor in 0.00 ms.
Unloading 1524 Unused Serialized files (Serialized files now loaded: 0)
System memory in use before: 74.6 MB.
System memory in use after: 74.7 MB.

Unloading 12 unused Assets to reduce memory usage. Loaded Objects now: 2059.
Total: 2.206300 ms (FindLiveObjects: 0.122400 ms CreateObjectMapping: 0.040400 ms MarkObjects: 2.024900 ms  DeleteObjects: 0.018200 ms)

AssetImportParameters requested are different than current active one (requested -> active):
  custom:framework-win-MediaFoundation: 216162199b28c13a410421893ffa2e32 -> 
  custom:video-decoder-ogg-theora: a1e56fd34408186e4bbccfd4996cb3dc -> 
  custom:container-muxer-webm: aa71ff27fc2769a1b78a27578f13a17b -> 
  custom:container-demuxer-webm: 4f35f7cbe854078d1ac9338744f61a02 -> 
  custom:container-demuxer-ogg: 62fdf1f143b41e24485cea50d1cbac27 -> 
  custom:video-encoder-webm-vp8: eb34c28f22e8b96e1ab97ce403110664 -> 
  custom:video-decoder-webm-vp8: 9c59270c3fd7afecdb556c50c9e8de78 -> 
  custom:audio-decoder-ogg-vorbis: bf7c407c2cedff20999df2af8eb42d56 -> 
  custom:audio-encoder-webm-vorbis: bf7c407c2cedff20999df2af8eb42d56 -> 
========================================================================
Received Import Request.
  Time since last request: 35.698083 seconds.
  path: Assets/Prefabs/Player.prefab
  artifactKey: Guid(0b5113d98a63b1442a817f43b28967fd) Importer(815301076,1909f56bfc062723c751e8b465ee728b)
Start importing Assets/Prefabs/Player.prefab using Guid(0b5113d98a63b1442a817f43b28967fd) Importer(815301076,1909f56bfc062723c751e8b465ee728b)  -> (artifact id: 'f64fa34b01b49ec6cf778e226c20cf71') in 0.037831 seconds 
========================================================================
Received Prepare
Registering precompiled user dll's ...
Registered in 0.002862 seconds.
Begin MonoManager ReloadAssembly
Native extension for WindowsStandalone target not found
Refreshing native plugins compatible for Editor in 0.37 ms, found 2 plugins.
Preloading 0 native plugins for Editor in 0.00 ms.
Mono: successfully reloaded assembly
- Completed reload, in  0.619 seconds
Domain Reload Profiling:
	ReloadAssembly (619ms)
		BeginReloadAssembly (83ms)
			ExecutionOrderSort (0ms)
			DisableScriptedObjects (3ms)
			BackupInstance (0ms)
			ReleaseScriptingObjects (0ms)
			CreateAndSetChildDomain (23ms)
		EndReloadAssembly (495ms)
			LoadAssemblies (63ms)
			RebuildTransferFunctionScriptingTraits (0ms)
			SetupTypeCache (156ms)
			ReleaseScriptCaches (1ms)
			RebuildScriptCaches (28ms)
			SetupLoadedEditorAssemblies (200ms)
				LogAssemblyErrors (0ms)
				InitializePlatformSupportModulesInManaged (3ms)
				SetLoadedEditorAssemblies (0ms)
				RefreshPlugins (0ms)
				BeforeProcessingInitializeOnLoad (56ms)
				ProcessInitializeOnLoadAttributes (128ms)
				ProcessInitializeOnLoadMethodAttributes (7ms)
				AfterProcessingInitializeOnLoad (5ms)
				EditorAssembliesLoaded (0ms)
			ExecutionOrderSort2 (0ms)
			AwakeInstancesAfterBackupRestoration (4ms)
Platform modules already initialized, skipping
Refreshing native plugins compatible for Editor in 0.33 ms, found 2 plugins.
Preloading 0 native plugins for Editor in 0.00 ms.
Unloading 1524 Unused Serialized files (Serialized files now loaded: 0)
System memory in use before: 74.6 MB.
System memory in use after: 74.7 MB.

Unloading 12 unused Assets to reduce memory usage. Loaded Objects now: 2063.
Total: 2.345000 ms (FindLiveObjects: 0.110300 ms CreateObjectMapping: 0.040700 ms MarkObjects: 2.173100 ms  DeleteObjects: 0.020400 ms)

AssetImportParameters requested are different than current active one (requested -> active):
  custom:framework-win-MediaFoundation: 216162199b28c13a410421893ffa2e32 -> 
  custom:video-decoder-ogg-theora: a1e56fd34408186e4bbccfd4996cb3dc -> 
  custom:container-muxer-webm: aa71ff27fc2769a1b78a27578f13a17b -> 
  custom:container-demuxer-webm: 4f35f7cbe854078d1ac9338744f61a02 -> 
  custom:container-demuxer-ogg: 62fdf1f143b41e24485cea50d1cbac27 -> 
  custom:video-encoder-webm-vp8: eb34c28f22e8b96e1ab97ce403110664 -> 
  custom:video-decoder-webm-vp8: 9c59270c3fd7afecdb556c50c9e8de78 -> 
  custom:audio-decoder-ogg-vorbis: bf7c407c2cedff20999df2af8eb42d56 -> 
  custom:audio-encoder-webm-vorbis: bf7c407c2cedff20999df2af8eb42d56 -> 
========================================================================
Received Import Request.
  Time since last request: 38.792070 seconds.
  path: Assets/Prefabs/Player.prefab
  artifactKey: Guid(0b5113d98a63b1442a817f43b28967fd) Importer(815301076,1909f56bfc062723c751e8b465ee728b)
Start importing Assets/Prefabs/Player.prefab using Guid(0b5113d98a63b1442a817f43b28967fd) Importer(815301076,1909f56bfc062723c751e8b465ee728b)  -> (artifact id: 'f75a2a91ef1d67ef8475800ff0831b4a') in 0.038085 seconds 
========================================================================
Received Prepare
Registering precompiled user dll's ...
Registered in 0.002161 seconds.
Begin MonoManager ReloadAssembly
Native extension for WindowsStandalone target not found
Refreshing native plugins compatible for Editor in 0.34 ms, found 2 plugins.
Preloading 0 native plugins for Editor in 0.00 ms.
Mono: successfully reloaded assembly
- Completed reload, in  0.615 seconds
Domain Reload Profiling:
	ReloadAssembly (615ms)
		BeginReloadAssembly (84ms)
			ExecutionOrderSort (0ms)
			DisableScriptedObjects (3ms)
			BackupInstance (0ms)
			ReleaseScriptingObjects (0ms)
			CreateAndSetChildDomain (24ms)
		EndReloadAssembly (489ms)
			LoadAssemblies (63ms)
			RebuildTransferFunctionScriptingTraits (0ms)
			SetupTypeCache (147ms)
			ReleaseScriptCaches (1ms)
			RebuildScriptCaches (28ms)
			SetupLoadedEditorAssemblies (201ms)
				LogAssemblyErrors (0ms)
				InitializePlatformSupportModulesInManaged (3ms)
				SetLoadedEditorAssemblies (0ms)
				RefreshPlugins (0ms)
				BeforeProcessingInitializeOnLoad (61ms)
				ProcessInitializeOnLoadAttributes (124ms)
				ProcessInitializeOnLoadMethodAttributes (7ms)
				AfterProcessingInitializeOnLoad (5ms)
				EditorAssembliesLoaded (0ms)
			ExecutionOrderSort2 (0ms)
			AwakeInstancesAfterBackupRestoration (4ms)
Platform modules already initialized, skipping
Refreshing native plugins compatible for Editor in 0.27 ms, found 2 plugins.
Preloading 0 native plugins for Editor in 0.00 ms.
Unloading 1524 Unused Serialized files (Serialized files now loaded: 0)
System memory in use before: 74.6 MB.
System memory in use after: 74.7 MB.

Unloading 12 unused Assets to reduce memory usage. Loaded Objects now: 2067.
Total: 2.126800 ms (FindLiveObjects: 0.099000 ms CreateObjectMapping: 0.033100 ms MarkObjects: 1.976900 ms  DeleteObjects: 0.017300 ms)

AssetImportParameters requested are different than current active one (requested -> active):
  custom:framework-win-MediaFoundation: 216162199b28c13a410421893ffa2e32 -> 
  custom:video-decoder-ogg-theora: a1e56fd34408186e4bbccfd4996cb3dc -> 
  custom:container-muxer-webm: aa71ff27fc2769a1b78a27578f13a17b -> 
  custom:container-demuxer-webm: 4f35f7cbe854078d1ac9338744f61a02 -> 
  custom:container-demuxer-ogg: 62fdf1f143b41e24485cea50d1cbac27 -> 
  custom:video-encoder-webm-vp8: eb34c28f22e8b96e1ab97ce403110664 -> 
  custom:video-decoder-webm-vp8: 9c59270c3fd7afecdb556c50c9e8de78 -> 
  custom:audio-decoder-ogg-vorbis: bf7c407c2cedff20999df2af8eb42d56 -> 
  custom:audio-encoder-webm-vorbis: bf7c407c2cedff20999df2af8eb42d56 -> 
========================================================================
Received Import Request.
  Time since last request: 69.372538 seconds.
  path: Assets/Prefabs/Player.prefab
  artifactKey: Guid(0b5113d98a63b1442a817f43b28967fd) Importer(815301076,1909f56bfc062723c751e8b465ee728b)
Start importing Assets/Prefabs/Player.prefab using Guid(0b5113d98a63b1442a817f43b28967fd) Importer(815301076,1909f56bfc062723c751e8b465ee728b)  -> (artifact id: 'b7f58c440be17062fd524b24f2c2dc93') in 0.037292 seconds 
========================================================================
Received Prepare
Registering precompiled user dll's ...
Registered in 0.002024 seconds.
Begin MonoManager ReloadAssembly
Native extension for WindowsStandalone target not found
Refreshing native plugins compatible for Editor in 0.56 ms, found 2 plugins.
Preloading 0 native plugins for Editor in 0.00 ms.
Mono: successfully reloaded assembly
- Completed reload, in  0.637 seconds
Domain Reload Profiling:
	ReloadAssembly (638ms)
		BeginReloadAssembly (83ms)
			ExecutionOrderSort (0ms)
			DisableScriptedObjects (3ms)
			BackupInstance (0ms)
			ReleaseScriptingObjects (0ms)
			CreateAndSetChildDomain (24ms)
		EndReloadAssembly (512ms)
			LoadAssemblies (66ms)
			RebuildTransferFunctionScriptingTraits (0ms)
			SetupTypeCache (162ms)
			ReleaseScriptCaches (1ms)
			RebuildScriptCaches (28ms)
			SetupLoadedEditorAssemblies (205ms)
				LogAssemblyErrors (0ms)
				InitializePlatformSupportModulesInManaged (6ms)
				SetLoadedEditorAssemblies (1ms)
				RefreshPlugins (1ms)
				BeforeProcessingInitializeOnLoad (63ms)
				ProcessInitializeOnLoadAttributes (124ms)
				ProcessInitializeOnLoadMethodAttributes (7ms)
				AfterProcessingInitializeOnLoad (5ms)
				EditorAssembliesLoaded (0ms)
			ExecutionOrderSort2 (0ms)
			AwakeInstancesAfterBackupRestoration (5ms)
Platform modules already initialized, skipping
Refreshing native plugins compatible for Editor in 0.26 ms, found 2 plugins.
Preloading 0 native plugins for Editor in 0.00 ms.
Unloading 1524 Unused Serialized files (Serialized files now loaded: 0)
System memory in use before: 74.6 MB.
System memory in use after: 74.7 MB.

Unloading 12 unused Assets to reduce memory usage. Loaded Objects now: 2071.
Total: 2.137200 ms (FindLiveObjects: 0.119300 ms CreateObjectMapping: 0.035300 ms MarkObjects: 1.963700 ms  DeleteObjects: 0.018000 ms)

AssetImportParameters requested are different than current active one (requested -> active):
  custom:framework-win-MediaFoundation: 216162199b28c13a410421893ffa2e32 -> 
  custom:video-decoder-ogg-theora: a1e56fd34408186e4bbccfd4996cb3dc -> 
  custom:container-muxer-webm: aa71ff27fc2769a1b78a27578f13a17b -> 
  custom:container-demuxer-webm: 4f35f7cbe854078d1ac9338744f61a02 -> 
  custom:container-demuxer-ogg: 62fdf1f143b41e24485cea50d1cbac27 -> 
  custom:video-encoder-webm-vp8: eb34c28f22e8b96e1ab97ce403110664 -> 
  custom:video-decoder-webm-vp8: 9c59270c3fd7afecdb556c50c9e8de78 -> 
  custom:audio-decoder-ogg-vorbis: bf7c407c2cedff20999df2af8eb42d56 -> 
  custom:audio-encoder-webm-vorbis: bf7c407c2cedff20999df2af8eb42d56 -> 
========================================================================
Received Prepare
Registering precompiled user dll's ...
Registered in 0.002029 seconds.
Begin MonoManager ReloadAssembly
Native extension for WindowsStandalone target not found
Refreshing native plugins compatible for Editor in 0.34 ms, found 2 plugins.
Preloading 0 native plugins for Editor in 0.00 ms.
Mono: successfully reloaded assembly
- Completed reload, in  0.614 seconds
Domain Reload Profiling:
	ReloadAssembly (615ms)
		BeginReloadAssembly (83ms)
			ExecutionOrderSort (0ms)
			DisableScriptedObjects (3ms)
			BackupInstance (0ms)
			ReleaseScriptingObjects (0ms)
			CreateAndSetChildDomain (23ms)
		EndReloadAssembly (492ms)
			LoadAssemblies (64ms)
			RebuildTransferFunctionScriptingTraits (0ms)
			SetupTypeCache (149ms)
			ReleaseScriptCaches (1ms)
			RebuildScriptCaches (28ms)
			SetupLoadedEditorAssemblies (203ms)
				LogAssemblyErrors (0ms)
				InitializePlatformSupportModulesInManaged (3ms)
				SetLoadedEditorAssemblies (0ms)
				RefreshPlugins (0ms)
				BeforeProcessingInitializeOnLoad (64ms)
				ProcessInitializeOnLoadAttributes (123ms)
				ProcessInitializeOnLoadMethodAttributes (6ms)
				AfterProcessingInitializeOnLoad (5ms)
				EditorAssembliesLoaded (0ms)
			ExecutionOrderSort2 (0ms)
			AwakeInstancesAfterBackupRestoration (4ms)
Platform modules already initialized, skipping
Refreshing native plugins compatible for Editor in 0.32 ms, found 2 plugins.
Preloading 0 native plugins for Editor in 0.00 ms.
Unloading 1524 Unused Serialized files (Serialized files now loaded: 0)
System memory in use before: 74.6 MB.
System memory in use after: 74.7 MB.

Unloading 11 unused Assets to reduce memory usage. Loaded Objects now: 2074.
Total: 2.097200 ms (FindLiveObjects: 0.115700 ms CreateObjectMapping: 0.035700 ms MarkObjects: 1.929900 ms  DeleteObjects: 0.015300 ms)

AssetImportParameters requested are different than current active one (requested -> active):
  custom:framework-win-MediaFoundation: 216162199b28c13a410421893ffa2e32 -> 
  custom:video-decoder-ogg-theora: a1e56fd34408186e4bbccfd4996cb3dc -> 
  custom:container-muxer-webm: aa71ff27fc2769a1b78a27578f13a17b -> 
  custom:container-demuxer-webm: 4f35f7cbe854078d1ac9338744f61a02 -> 
  custom:container-demuxer-ogg: 62fdf1f143b41e24485cea50d1cbac27 -> 
  custom:video-encoder-webm-vp8: eb34c28f22e8b96e1ab97ce403110664 -> 
  custom:video-decoder-webm-vp8: 9c59270c3fd7afecdb556c50c9e8de78 -> 
  custom:audio-decoder-ogg-vorbis: bf7c407c2cedff20999df2af8eb42d56 -> 
  custom:audio-encoder-webm-vorbis: bf7c407c2cedff20999df2af8eb42d56 -> 
