Using pre-set license
Built from '2020.3/staging' branch; Version is '2020.3.32f1 (12f8b0834f07) revision 1243312'; Using compiler version '192528614'; Build Type 'Release'
OS: 'Windows 10  (10.0.19042) 64bit Education' Language: 'ru' Physical Memory: 16330 MB
BatchMode: 1, IsHumanControllingUs: 0, StartBugReporterOnCrash: 0, Is64bit: 1, IsPro: 0

COMMAND LINE ARGUMENTS:
C:\Program Files\Unity\Hub\Editor\2020.3.32f1\Editor\Unity.exe
-adb2
-batchMode
-noUpm
-name
AssetImportWorker0
-projectPath
C:/Users/Yuriy/Unity Projects/PublexTestTask
-logFile
Logs/AssetImportWorker0.log
-srvPort
52840
Successfully changed project path to: C:/Users/Yuriy/Unity Projects/PublexTestTask
C:/Users/Yuriy/Unity Projects/PublexTestTask
Using Asset Import Pipeline V2.
Refreshing native plugins compatible for Editor in 23.10 ms, found 2 plugins.
Preloading 0 native plugins for Editor in 0.00 ms.
Initialize engine version: 2020.3.32f1 (12f8b0834f07)
[Subsystems] Discovering subsystems at path C:/Program Files/Unity/Hub/Editor/2020.3.32f1/Editor/Data/Resources/UnitySubsystems
[Subsystems] Discovering subsystems at path C:/Users/Yuriy/Unity Projects/PublexTestTask/Assets
GfxDevice: creating device client; threaded=0
Direct3D:
    Version:  Direct3D 11.0 [level 11.1]
    Renderer: Radeon RX 570 Series (ID=0x67df)
    Vendor:   
    VRAM:     4075 MB
    Driver:   30.0.14023.1009
Initialize mono
Mono path[0] = 'C:/Program Files/Unity/Hub/Editor/2020.3.32f1/Editor/Data/Managed'
Mono path[1] = 'C:/Program Files/Unity/Hub/Editor/2020.3.32f1/Editor/Data/MonoBleedingEdge/lib/mono/unityjit'
Mono config path = 'C:/Program Files/Unity/Hub/Editor/2020.3.32f1/Editor/Data/MonoBleedingEdge/etc'
Using monoOptions --debugger-agent=transport=dt_socket,embedding=1,server=y,suspend=n,address=127.0.0.1:56812
Begin MonoManager ReloadAssembly
Registering precompiled unity dll's ...
Register platform support module: C:/Program Files/Unity/Hub/Editor/2020.3.32f1/Editor/Data/PlaybackEngines/WindowsStandaloneSupport/UnityEditor.WindowsStandalone.Extensions.dll
Registered in 0.101942 seconds.
Native extension for WindowsStandalone target not found
Refreshing native plugins compatible for Editor in 21.14 ms, found 2 plugins.
Preloading 0 native plugins for Editor in 0.00 ms.
Mono: successfully reloaded assembly
- Completed reload, in  2.521 seconds
Domain Reload Profiling:
	ReloadAssembly (2521ms)
		BeginReloadAssembly (1788ms)
			ExecutionOrderSort (0ms)
			DisableScriptedObjects (0ms)
			BackupInstance (0ms)
			ReleaseScriptingObjects (0ms)
			CreateAndSetChildDomain (1ms)
		EndReloadAssembly (512ms)
			LoadAssemblies (1786ms)
			RebuildTransferFunctionScriptingTraits (0ms)
			SetupTypeCache (303ms)
			ReleaseScriptCaches (0ms)
			RebuildScriptCaches (22ms)
			SetupLoadedEditorAssemblies (116ms)
				LogAssemblyErrors (0ms)
				InitializePlatformSupportModulesInManaged (4ms)
				SetLoadedEditorAssemblies (0ms)
				RefreshPlugins (21ms)
				BeforeProcessingInitializeOnLoad (9ms)
				ProcessInitializeOnLoadAttributes (59ms)
				ProcessInitializeOnLoadMethodAttributes (23ms)
				AfterProcessingInitializeOnLoad (0ms)
				EditorAssembliesLoaded (0ms)
			ExecutionOrderSort2 (0ms)
			AwakeInstancesAfterBackupRestoration (0ms)
Platform modules already initialized, skipping
Registering precompiled user dll's ...
Registered in 0.291414 seconds.
Begin MonoManager ReloadAssembly
Native extension for WindowsStandalone target not found
Refreshing native plugins compatible for Editor in 0.33 ms, found 2 plugins.
Preloading 0 native plugins for Editor in 0.00 ms.
Mono: successfully reloaded assembly
- Completed reload, in  2.536 seconds
Domain Reload Profiling:
	ReloadAssembly (2539ms)
		BeginReloadAssembly (101ms)
			ExecutionOrderSort (0ms)
			DisableScriptedObjects (3ms)
			BackupInstance (0ms)
			ReleaseScriptingObjects (0ms)
			CreateAndSetChildDomain (15ms)
		EndReloadAssembly (2398ms)
			LoadAssemblies (961ms)
			RebuildTransferFunctionScriptingTraits (0ms)
			SetupTypeCache (561ms)
			ReleaseScriptCaches (0ms)
			RebuildScriptCaches (32ms)
			SetupLoadedEditorAssemblies (794ms)
				LogAssemblyErrors (0ms)
				InitializePlatformSupportModulesInManaged (3ms)
				SetLoadedEditorAssemblies (0ms)
				RefreshPlugins (0ms)
				BeforeProcessingInitializeOnLoad (60ms)
				ProcessInitializeOnLoadAttributes (265ms)
				ProcessInitializeOnLoadMethodAttributes (460ms)
				AfterProcessingInitializeOnLoad (5ms)
				EditorAssembliesLoaded (0ms)
			ExecutionOrderSort2 (0ms)
			AwakeInstancesAfterBackupRestoration (4ms)
Platform modules already initialized, skipping
========================================================================
Worker process is ready to serve import requests
Launched and connected shader compiler UnityShaderCompiler.exe after 0.07 seconds
Refreshing native plugins compatible for Editor in 0.33 ms, found 2 plugins.
Preloading 0 native plugins for Editor in 0.00 ms.
Unloading 1506 Unused Serialized files (Serialized files now loaded: 0)
System memory in use before: 69.6 MB.
System memory in use after: 69.7 MB.

Unloading 16 unused Assets to reduce memory usage. Loaded Objects now: 1942.
Total: 2.196800 ms (FindLiveObjects: 0.124400 ms CreateObjectMapping: 0.040500 ms MarkObjects: 1.984000 ms  DeleteObjects: 0.047300 ms)

AssetImportParameters requested are different than current active one (requested -> active):
  custom:framework-win-MediaFoundation: 216162199b28c13a410421893ffa2e32 -> 
  custom:video-decoder-ogg-theora: a1e56fd34408186e4bbccfd4996cb3dc -> 
  custom:container-muxer-webm: aa71ff27fc2769a1b78a27578f13a17b -> 
  custom:container-demuxer-webm: 4f35f7cbe854078d1ac9338744f61a02 -> 
  custom:container-demuxer-ogg: 62fdf1f143b41e24485cea50d1cbac27 -> 
  custom:video-encoder-webm-vp8: eb34c28f22e8b96e1ab97ce403110664 -> 
  custom:video-decoder-webm-vp8: 9c59270c3fd7afecdb556c50c9e8de78 -> 
  custom:audio-decoder-ogg-vorbis: bf7c407c2cedff20999df2af8eb42d56 -> 
  custom:audio-encoder-webm-vorbis: bf7c407c2cedff20999df2af8eb42d56 -> 
========================================================================
Received Import Request.
  path: Assets/Prefabs
  artifactKey: Guid(879924b926d2dfe4d8cc0a6acc442e55) Importer(815301076,1909f56bfc062723c751e8b465ee728b)
Start importing Assets/Prefabs using Guid(879924b926d2dfe4d8cc0a6acc442e55) Importer(815301076,1909f56bfc062723c751e8b465ee728b)  -> (artifact id: '2487d4bc577f88f4343716c08c59556d') in 0.007599 seconds 
========================================================================
Received Import Request.
  Time since last request: 4.722844 seconds.
  path: Assets/Prefabs/Levels
  artifactKey: Guid(5fef298c737b310489be87d2f383f1b5) Importer(815301076,1909f56bfc062723c751e8b465ee728b)
Start importing Assets/Prefabs/Levels using Guid(5fef298c737b310489be87d2f383f1b5) Importer(815301076,1909f56bfc062723c751e8b465ee728b)  -> (artifact id: '4effcf9c2bc9ca1f0696c301c81f909a') in 0.006236 seconds 
========================================================================
Received Import Request.
  Time since last request: 58.364977 seconds.
  path: Assets/Prefabs/LevelParts
  artifactKey: Guid(683870d999d503d45a391fe3d68867e0) Importer(815301076,1909f56bfc062723c751e8b465ee728b)
Start importing Assets/Prefabs/LevelParts using Guid(683870d999d503d45a391fe3d68867e0) Importer(815301076,1909f56bfc062723c751e8b465ee728b)  -> (artifact id: '7b00b3da91cc68966dc807afd69b645e') in 0.006264 seconds 
========================================================================
Received Import Request.
  Time since last request: 334.623242 seconds.
  path: Assets
  artifactKey: Guid(00000000000000001000000000000000) Importer(815301076,1909f56bfc062723c751e8b465ee728b)
Start importing Assets using Guid(00000000000000001000000000000000) Importer(815301076,1909f56bfc062723c751e8b465ee728b)  -> (artifact id: '42d402b061de3733987d63b9cc3b64de') in 0.006208 seconds 
========================================================================
Received Import Request.
  Time since last request: 3.758825 seconds.
  path: Assets/Materials
  artifactKey: Guid(1a0602697cbb6b443857d9b9f691781c) Importer(815301076,1909f56bfc062723c751e8b465ee728b)
Start importing Assets/Materials using Guid(1a0602697cbb6b443857d9b9f691781c) Importer(815301076,1909f56bfc062723c751e8b465ee728b)  -> (artifact id: 'fc130b9e0332ea1ef95888523f104cc3') in 0.006333 seconds 
========================================================================
Received Import Request.
  Time since last request: 14.259344 seconds.
  path: Assets/Materials/Level Parts
  artifactKey: Guid(e2e143caf17de974fa942e0eda7ed36e) Importer(815301076,1909f56bfc062723c751e8b465ee728b)
Start importing Assets/Materials/Level Parts using Guid(e2e143caf17de974fa942e0eda7ed36e) Importer(815301076,1909f56bfc062723c751e8b465ee728b)  -> (artifact id: '2b5a3c8aea276e52091acfaba4c625f6') in 0.005846 seconds 
========================================================================
Received Import Request.
  Time since last request: 12.108177 seconds.
  path: Assets/Prefabs/Level Parts
  artifactKey: Guid(683870d999d503d45a391fe3d68867e0) Importer(815301076,1909f56bfc062723c751e8b465ee728b)
Start importing Assets/Prefabs/Level Parts using Guid(683870d999d503d45a391fe3d68867e0) Importer(815301076,1909f56bfc062723c751e8b465ee728b)  -> (artifact id: 'c7ab24cedab4d89de8aab610c5fa9366') in 0.003111 seconds 
========================================================================
Received Import Request.
  Time since last request: 1.750367 seconds.
  path: Assets/Prefabs/Level Parts/Floor 100x100.prefab
  artifactKey: Guid(004e0f8bc36b3f84b8f311e42351d503) Importer(815301076,1909f56bfc062723c751e8b465ee728b)
Start importing Assets/Prefabs/Level Parts/Floor 100x100.prefab using Guid(004e0f8bc36b3f84b8f311e42351d503) Importer(815301076,1909f56bfc062723c751e8b465ee728b)  -> (artifact id: 'e78dbefe18a1d79fd03c30149faf58df') in 0.075399 seconds 
========================================================================
Received Import Request.
  Time since last request: 15.906332 seconds.
  path: Assets/Materials/Level Parts/Floor 100x100.mat
  artifactKey: Guid(74d98315e6f25e34a814ffe1c54e1c9d) Importer(815301076,1909f56bfc062723c751e8b465ee728b)
Start importing Assets/Materials/Level Parts/Floor 100x100.mat using Guid(74d98315e6f25e34a814ffe1c54e1c9d) Importer(815301076,1909f56bfc062723c751e8b465ee728b)  -> (artifact id: '80397908a65a16358decec3a0f6aa5e4') in 0.022447 seconds 
========================================================================
Received Import Request.
  Time since last request: 27.488789 seconds.
  path: Assets/Thirdparty/Ciathyza/Gridbox Prototype Materials/Textures/prototype_512x512_blue1.png
  artifactKey: Guid(44cced520ecfd9f4292979a4fe8268c4) Importer(815301076,1909f56bfc062723c751e8b465ee728b)
Start importing Assets/Thirdparty/Ciathyza/Gridbox Prototype Materials/Textures/prototype_512x512_blue1.png using Guid(44cced520ecfd9f4292979a4fe8268c4) Importer(815301076,1909f56bfc062723c751e8b465ee728b)  -> (artifact id: '0feed1373a533558b3b2cefda38eb597') in 0.031608 seconds 
========================================================================
Received Import Request.
  Time since last request: 0.000105 seconds.
  path: Assets/Thirdparty/Ciathyza/Gridbox Prototype Materials/Textures/prototype_512x512_blue3.png
  artifactKey: Guid(b6fc60785b6a795478135ce6f7712c5a) Importer(815301076,1909f56bfc062723c751e8b465ee728b)
Start importing Assets/Thirdparty/Ciathyza/Gridbox Prototype Materials/Textures/prototype_512x512_blue3.png using Guid(b6fc60785b6a795478135ce6f7712c5a) Importer(815301076,1909f56bfc062723c751e8b465ee728b)  -> (artifact id: 'cee662cb3a5528df553550f9392a4b3b') in 0.008288 seconds 
========================================================================
Received Import Request.
  Time since last request: 0.000103 seconds.
  path: Assets/Thirdparty/Ciathyza/Gridbox Prototype Materials/Textures/prototype_512x512_magenta.png
  artifactKey: Guid(81c078e07a3828a42885510e3d5369a9) Importer(815301076,1909f56bfc062723c751e8b465ee728b)
Start importing Assets/Thirdparty/Ciathyza/Gridbox Prototype Materials/Textures/prototype_512x512_magenta.png using Guid(81c078e07a3828a42885510e3d5369a9) Importer(815301076,1909f56bfc062723c751e8b465ee728b)  -> (artifact id: '0d232d4abbf4bfda44a6bcf1d85eb3b4') in 0.007328 seconds 
========================================================================
Received Import Request.
  Time since last request: 0.000098 seconds.
  path: Assets/Thirdparty/Ciathyza/Gridbox Prototype Materials/Textures/prototype_512x512_white.png
  artifactKey: Guid(9397418d1d7b12543bf27fb61b93bbea) Importer(815301076,1909f56bfc062723c751e8b465ee728b)
Start importing Assets/Thirdparty/Ciathyza/Gridbox Prototype Materials/Textures/prototype_512x512_white.png using Guid(9397418d1d7b12543bf27fb61b93bbea) Importer(815301076,1909f56bfc062723c751e8b465ee728b)  -> (artifact id: 'd20c4743577c272ec122d40588bf2e4f') in 0.012061 seconds 
========================================================================
Received Import Request.
  Time since last request: 0.000090 seconds.
  path: Assets/Thirdparty/Ciathyza/Gridbox Prototype Materials/Textures/prototype_512x512_yellow.png
  artifactKey: Guid(ee12d2bc9f5c8554d97d5beb9dc4b275) Importer(815301076,1909f56bfc062723c751e8b465ee728b)
Start importing Assets/Thirdparty/Ciathyza/Gridbox Prototype Materials/Textures/prototype_512x512_yellow.png using Guid(ee12d2bc9f5c8554d97d5beb9dc4b275) Importer(815301076,1909f56bfc062723c751e8b465ee728b)  -> (artifact id: '6e43683378690963094c3be828adf479') in 0.007142 seconds 
========================================================================
Received Import Request.
  Time since last request: 0.000108 seconds.
  path: Assets/Thirdparty/Ciathyza/Gridbox Prototype Materials/Textures/prototype_512x512_grey1.png
  artifactKey: Guid(dd29f35641da38647a1eeb1028211f1a) Importer(815301076,1909f56bfc062723c751e8b465ee728b)
Start importing Assets/Thirdparty/Ciathyza/Gridbox Prototype Materials/Textures/prototype_512x512_grey1.png using Guid(dd29f35641da38647a1eeb1028211f1a) Importer(815301076,1909f56bfc062723c751e8b465ee728b)  -> (artifact id: '30d613b6dba4f2e14445c37983bf8d47') in 0.007075 seconds 
========================================================================
Received Import Request.
  Time since last request: 0.000102 seconds.
  path: Assets/Thirdparty/Ciathyza/Gridbox Prototype Materials/Textures/prototype_512x512_pink.png
  artifactKey: Guid(054e32e11095e1d4896131bb4eed8cc1) Importer(815301076,1909f56bfc062723c751e8b465ee728b)
Start importing Assets/Thirdparty/Ciathyza/Gridbox Prototype Materials/Textures/prototype_512x512_pink.png using Guid(054e32e11095e1d4896131bb4eed8cc1) Importer(815301076,1909f56bfc062723c751e8b465ee728b)  -> (artifact id: '46187ed04f119a16c2a4f463e5efc6b8') in 0.007124 seconds 
========================================================================
Received Import Request.
  Time since last request: 0.000100 seconds.
  path: Assets/Thirdparty/Ciathyza/Gridbox Prototype Materials/Textures/prototype_512x512_brown.png
  artifactKey: Guid(3c227d230cca14c42822692b6aff3459) Importer(815301076,1909f56bfc062723c751e8b465ee728b)
Start importing Assets/Thirdparty/Ciathyza/Gridbox Prototype Materials/Textures/prototype_512x512_brown.png using Guid(3c227d230cca14c42822692b6aff3459) Importer(815301076,1909f56bfc062723c751e8b465ee728b)  -> (artifact id: 'fca2c4acfca7063b63e7eee8e2f1e04c') in 0.006973 seconds 
========================================================================
Received Import Request.
  Time since last request: 0.000102 seconds.
  path: Assets/Thirdparty/Ciathyza/Gridbox Prototype Materials/Textures/prototype_512x512_green2.png
  artifactKey: Guid(382df89af99b9f2459dd19206e68a63d) Importer(815301076,1909f56bfc062723c751e8b465ee728b)
Start importing Assets/Thirdparty/Ciathyza/Gridbox Prototype Materials/Textures/prototype_512x512_green2.png using Guid(382df89af99b9f2459dd19206e68a63d) Importer(815301076,1909f56bfc062723c751e8b465ee728b)  -> (artifact id: 'eb85e051ab562340ef699b51fb7cdad8') in 0.007232 seconds 
========================================================================
Received Import Request.
  Time since last request: 0.000105 seconds.
  path: Assets/Thirdparty/Ciathyza/Gridbox Prototype Materials/Textures/prototype_512x512_green1.png
  artifactKey: Guid(4967dfcee94bddd4ba1430cb6fa1f304) Importer(815301076,1909f56bfc062723c751e8b465ee728b)
Start importing Assets/Thirdparty/Ciathyza/Gridbox Prototype Materials/Textures/prototype_512x512_green1.png using Guid(4967dfcee94bddd4ba1430cb6fa1f304) Importer(815301076,1909f56bfc062723c751e8b465ee728b)  -> (artifact id: '46dc5f27dd724313850eb6c488259fe4') in 0.006827 seconds 
========================================================================
Received Import Request.
  Time since last request: 0.000102 seconds.
  path: Assets/Thirdparty/Ciathyza/Gridbox Prototype Materials/Textures/prototype_512x512_cyan.png
  artifactKey: Guid(6c35396cb8128474a8a73c6b19f2fe1f) Importer(815301076,1909f56bfc062723c751e8b465ee728b)
Start importing Assets/Thirdparty/Ciathyza/Gridbox Prototype Materials/Textures/prototype_512x512_cyan.png using Guid(6c35396cb8128474a8a73c6b19f2fe1f) Importer(815301076,1909f56bfc062723c751e8b465ee728b)  -> (artifact id: '8f371b3d06a2bd1e647481df8120d356') in 0.007213 seconds 
========================================================================
Received Import Request.
  Time since last request: 0.000105 seconds.
  path: Assets/Thirdparty/Ciathyza/Gridbox Prototype Materials/Textures/prototype_512x512_green3.png
  artifactKey: Guid(988b6610bda0aca4286aff060b8d16b8) Importer(815301076,1909f56bfc062723c751e8b465ee728b)
Start importing Assets/Thirdparty/Ciathyza/Gridbox Prototype Materials/Textures/prototype_512x512_green3.png using Guid(988b6610bda0aca4286aff060b8d16b8) Importer(815301076,1909f56bfc062723c751e8b465ee728b)  -> (artifact id: 'bfeecd9b64c3c5b374b37962fe891cc5') in 0.006887 seconds 
========================================================================
Received Import Request.
  Time since last request: 0.000097 seconds.
  path: Assets/Thirdparty/Ciathyza/Gridbox Prototype Materials/Textures/prototype_512x512_purple.png
  artifactKey: Guid(aa0c741df9dd8634c8d84fd9ba2b0e3d) Importer(815301076,1909f56bfc062723c751e8b465ee728b)
Start importing Assets/Thirdparty/Ciathyza/Gridbox Prototype Materials/Textures/prototype_512x512_purple.png using Guid(aa0c741df9dd8634c8d84fd9ba2b0e3d) Importer(815301076,1909f56bfc062723c751e8b465ee728b)  -> (artifact id: '8cfb01d94e86eb3c0b6f2fe4f9474c11') in 0.007568 seconds 
========================================================================
Received Import Request.
  Time since last request: 0.000103 seconds.
  path: Assets/Thirdparty/Ciathyza/Gridbox Prototype Materials/Textures/prototype_512x512_blue2.png
  artifactKey: Guid(17198718c5735204999fb13dc36e290f) Importer(815301076,1909f56bfc062723c751e8b465ee728b)
Start importing Assets/Thirdparty/Ciathyza/Gridbox Prototype Materials/Textures/prototype_512x512_blue2.png using Guid(17198718c5735204999fb13dc36e290f) Importer(815301076,1909f56bfc062723c751e8b465ee728b)  -> (artifact id: '9fb20812e529bb46bbc4a2534e4524f2') in 0.007295 seconds 
========================================================================
Received Import Request.
  Time since last request: 0.000093 seconds.
  path: Assets/Thirdparty/Ciathyza/Gridbox Prototype Materials/Textures/prototype_512x512_orange.png
  artifactKey: Guid(fe3e0a556829be24bb87c912d79e872d) Importer(815301076,1909f56bfc062723c751e8b465ee728b)
Start importing Assets/Thirdparty/Ciathyza/Gridbox Prototype Materials/Textures/prototype_512x512_orange.png using Guid(fe3e0a556829be24bb87c912d79e872d) Importer(815301076,1909f56bfc062723c751e8b465ee728b)  -> (artifact id: 'f5c8d5c19011b9a909d7fe8699a81750') in 0.007276 seconds 
========================================================================
Received Import Request.
  Time since last request: 0.000100 seconds.
  path: Assets/Thirdparty/Ciathyza/Gridbox Prototype Materials/Textures/prototype_512x512_olive.png
  artifactKey: Guid(9895b9b639c999f488492b5182e2242c) Importer(815301076,1909f56bfc062723c751e8b465ee728b)
Start importing Assets/Thirdparty/Ciathyza/Gridbox Prototype Materials/Textures/prototype_512x512_olive.png using Guid(9895b9b639c999f488492b5182e2242c) Importer(815301076,1909f56bfc062723c751e8b465ee728b)  -> (artifact id: 'dcb7604b323694b181e3c52c0c715d17') in 0.007707 seconds 
========================================================================
Received Import Request.
  Time since last request: 0.000104 seconds.
  path: Assets/Thirdparty/Ciathyza/Gridbox Prototype Materials/Textures/prototype_512x512_red.png
  artifactKey: Guid(3d6064e2e1cd7214e9f67f3a68f494fb) Importer(815301076,1909f56bfc062723c751e8b465ee728b)
Start importing Assets/Thirdparty/Ciathyza/Gridbox Prototype Materials/Textures/prototype_512x512_red.png using Guid(3d6064e2e1cd7214e9f67f3a68f494fb) Importer(815301076,1909f56bfc062723c751e8b465ee728b)  -> (artifact id: '2275b57f9fe28ea0e377daf9462622ae') in 0.006906 seconds 
========================================================================
Received Import Request.
  Time since last request: 0.000097 seconds.
  path: Assets/Thirdparty/Ciathyza/Gridbox Prototype Materials/Textures/prototype_512x512_grey2.png
  artifactKey: Guid(37920ac3813690349a856bbe19a86e2b) Importer(815301076,1909f56bfc062723c751e8b465ee728b)
Start importing Assets/Thirdparty/Ciathyza/Gridbox Prototype Materials/Textures/prototype_512x512_grey2.png using Guid(37920ac3813690349a856bbe19a86e2b) Importer(815301076,1909f56bfc062723c751e8b465ee728b)  -> (artifact id: 'a99616b7e52d408c58e3f0aaedd9f765') in 0.006896 seconds 
========================================================================
Received Import Request.
  Time since last request: 0.000108 seconds.
  path: Assets/Thirdparty/Ciathyza/Gridbox Prototype Materials/Textures/prototype_512x512_normal.png
  artifactKey: Guid(44ae09ed76086b14e82d37feb30c7650) Importer(815301076,1909f56bfc062723c751e8b465ee728b)
Start importing Assets/Thirdparty/Ciathyza/Gridbox Prototype Materials/Textures/prototype_512x512_normal.png using Guid(44ae09ed76086b14e82d37feb30c7650) Importer(815301076,1909f56bfc062723c751e8b465ee728b)  -> (artifact id: '67a6ba8ff7f94ca4a4db67d743c17033') in 0.009705 seconds 
========================================================================
Received Import Request.
  Time since last request: 0.000122 seconds.
  path: Assets/Thirdparty/Ciathyza/Gridbox Prototype Materials/Textures/prototype_512x512_grey3.png
  artifactKey: Guid(d9c0dd5cdac07b145be73329e489869a) Importer(815301076,1909f56bfc062723c751e8b465ee728b)
Start importing Assets/Thirdparty/Ciathyza/Gridbox Prototype Materials/Textures/prototype_512x512_grey3.png using Guid(d9c0dd5cdac07b145be73329e489869a) Importer(815301076,1909f56bfc062723c751e8b465ee728b)  -> (artifact id: '3c5f3964920a733e513029adf05db4f8') in 0.006999 seconds 
========================================================================
Received Import Request.
  Time since last request: 0.000096 seconds.
  path: Assets/Thirdparty/Ciathyza/Gridbox Prototype Materials/Textures/prototype_512x512_grey4.png
  artifactKey: Guid(ed0c2c8a99e92e14ba740ac8aa428288) Importer(815301076,1909f56bfc062723c751e8b465ee728b)
Start importing Assets/Thirdparty/Ciathyza/Gridbox Prototype Materials/Textures/prototype_512x512_grey4.png using Guid(ed0c2c8a99e92e14ba740ac8aa428288) Importer(815301076,1909f56bfc062723c751e8b465ee728b)  -> (artifact id: 'ee867772c23c293c65da1d4ee75a2841') in 0.007400 seconds 
========================================================================
Received Import Request.
  Time since last request: 183.752429 seconds.
  path: Assets/Prefabs/Level Parts/Floor 100x100.prefab
  artifactKey: Guid(004e0f8bc36b3f84b8f311e42351d503) Importer(815301076,1909f56bfc062723c751e8b465ee728b)
Start importing Assets/Prefabs/Level Parts/Floor 100x100.prefab using Guid(004e0f8bc36b3f84b8f311e42351d503) Importer(815301076,1909f56bfc062723c751e8b465ee728b)  -> (artifact id: '201df84220d64e981cf1be306990e91b') in 0.006545 seconds 
========================================================================
Received Import Request.
  Time since last request: 95.859535 seconds.
  path: ProjectSettings/TagManager.asset
  artifactKey: Guid(00000000000000003000000000000000) Importer(815301076,1909f56bfc062723c751e8b465ee728b)
Start importing ProjectSettings/TagManager.asset using Guid(00000000000000003000000000000000) Importer(815301076,1909f56bfc062723c751e8b465ee728b)  -> (artifact id: 'ce6a35c3cddc746e7501c0bd0ed6d4ce') in 0.008592 seconds 
========================================================================
Received Import Request.
  Time since last request: 12.213892 seconds.
  path: Assets/Prefabs/Level Parts/Start.prefab
  artifactKey: Guid(b0f34b471042cc14ab349395b66f6364) Importer(815301076,1909f56bfc062723c751e8b465ee728b)
Start importing Assets/Prefabs/Level Parts/Start.prefab using Guid(b0f34b471042cc14ab349395b66f6364) Importer(815301076,1909f56bfc062723c751e8b465ee728b)  -> (artifact id: '588380845c302c9f5a10ab607909f55c') in 0.006370 seconds 
========================================================================
Received Import Request.
  Time since last request: 8.937798 seconds.
  path: Assets/Prefabs/Level Parts/Start.prefab
  artifactKey: Guid(b0f34b471042cc14ab349395b66f6364) Importer(815301076,1909f56bfc062723c751e8b465ee728b)
Start importing Assets/Prefabs/Level Parts/Start.prefab using Guid(b0f34b471042cc14ab349395b66f6364) Importer(815301076,1909f56bfc062723c751e8b465ee728b)  -> (artifact id: '2e32f719af572b5e2a44840c582ac116') in 0.003814 seconds 
========================================================================
Received Import Request.
  Time since last request: 411.002073 seconds.
  path: Assets/Materials/Level Parts/Wall 1x1.mat
  artifactKey: Guid(2fb87e6e82493304b9dcb771cf437b6b) Importer(815301076,1909f56bfc062723c751e8b465ee728b)
Start importing Assets/Materials/Level Parts/Wall 1x1.mat using Guid(2fb87e6e82493304b9dcb771cf437b6b) Importer(815301076,1909f56bfc062723c751e8b465ee728b)  -> (artifact id: '5c56a2c772cfb25b1b827aac41eb4b12') in 0.012183 seconds 
========================================================================
Received Import Request.
  Time since last request: 50.322021 seconds.
  path: Assets/Materials/Level Parts/Floor 100x100.mat
  artifactKey: Guid(74d98315e6f25e34a814ffe1c54e1c9d) Importer(815301076,1909f56bfc062723c751e8b465ee728b)
Start importing Assets/Materials/Level Parts/Floor 100x100.mat using Guid(74d98315e6f25e34a814ffe1c54e1c9d) Importer(815301076,1909f56bfc062723c751e8b465ee728b)  -> (artifact id: '08cc2f4aec29bf7e16d6b7d455cd96fa') in 0.012713 seconds 
========================================================================
Received Import Request.
  Time since last request: 0.000100 seconds.
  path: Assets/Materials/Level Parts/Wall 1x1.mat
  artifactKey: Guid(2fb87e6e82493304b9dcb771cf437b6b) Importer(815301076,1909f56bfc062723c751e8b465ee728b)
Start importing Assets/Materials/Level Parts/Wall 1x1.mat using Guid(2fb87e6e82493304b9dcb771cf437b6b) Importer(815301076,1909f56bfc062723c751e8b465ee728b)  -> (artifact id: 'e298f25c66596e380e0bbe5a9d8f41a6') in 0.008750 seconds 
========================================================================
Received Import Request.
  Time since last request: 0.000096 seconds.
  path: Assets/Materials/Level Parts/Wall 1x1 1.mat
  artifactKey: Guid(bd5e6ac889416d34583dad8ebaf4c872) Importer(815301076,1909f56bfc062723c751e8b465ee728b)
Start importing Assets/Materials/Level Parts/Wall 1x1 1.mat using Guid(bd5e6ac889416d34583dad8ebaf4c872) Importer(815301076,1909f56bfc062723c751e8b465ee728b)  -> (artifact id: 'f3d2859c72407f47272067c55b8201ca') in 0.009187 seconds 
========================================================================
Received Import Request.
  Time since last request: 295.798476 seconds.
  path: Assets/Prefabs/Level Parts/Wall 1.prefab
  artifactKey: Guid(fed448b108ce6674692aff69b39ecaed) Importer(815301076,1909f56bfc062723c751e8b465ee728b)
Start importing Assets/Prefabs/Level Parts/Wall 1.prefab using Guid(fed448b108ce6674692aff69b39ecaed) Importer(815301076,1909f56bfc062723c751e8b465ee728b)  -> (artifact id: '326e23ef17e3c080af0b73fd78e5ae02') in 0.010844 seconds 
========================================================================
Received Import Request.
  Time since last request: 48.151335 seconds.
  path: Assets/Prefabs/Level Parts/Wall 1.prefab
  artifactKey: Guid(fed448b108ce6674692aff69b39ecaed) Importer(815301076,1909f56bfc062723c751e8b465ee728b)
Start importing Assets/Prefabs/Level Parts/Wall 1.prefab using Guid(fed448b108ce6674692aff69b39ecaed) Importer(815301076,1909f56bfc062723c751e8b465ee728b)  -> (artifact id: '32f1281031b14d6b2888aa5718ebca82') in 0.007518 seconds 
========================================================================
Received Import Request.
  Time since last request: 53.946874 seconds.
  path: Assets/Prefabs/Level Parts/Wall 1.prefab
  artifactKey: Guid(fed448b108ce6674692aff69b39ecaed) Importer(815301076,1909f56bfc062723c751e8b465ee728b)
Start importing Assets/Prefabs/Level Parts/Wall 1.prefab using Guid(fed448b108ce6674692aff69b39ecaed) Importer(815301076,1909f56bfc062723c751e8b465ee728b)  -> (artifact id: '219edd1228a17b516cbe4ecb5150eb8d') in 0.007340 seconds 
========================================================================
Received Import Request.
  Time since last request: 5.308940 seconds.
  path: Assets/Prefabs/Level Parts/Wall 1.prefab
  artifactKey: Guid(fed448b108ce6674692aff69b39ecaed) Importer(815301076,1909f56bfc062723c751e8b465ee728b)
Start importing Assets/Prefabs/Level Parts/Wall 1.prefab using Guid(fed448b108ce6674692aff69b39ecaed) Importer(815301076,1909f56bfc062723c751e8b465ee728b)  -> (artifact id: '3dce4fdc8c94ad0722789dc465626561') in 0.007195 seconds 
========================================================================
Received Import Request.
  Time since last request: 1.595438 seconds.
  path: Assets/Prefabs/Level Parts/Wall 1.prefab
  artifactKey: Guid(fed448b108ce6674692aff69b39ecaed) Importer(815301076,1909f56bfc062723c751e8b465ee728b)
Start importing Assets/Prefabs/Level Parts/Wall 1.prefab using Guid(fed448b108ce6674692aff69b39ecaed) Importer(815301076,1909f56bfc062723c751e8b465ee728b)  -> (artifact id: 'dce4ffdb10d506639c52cd152f96e68a') in 0.006857 seconds 
========================================================================
Received Import Request.
  Time since last request: 3.412560 seconds.
  path: Assets/Prefabs/Level Parts/Wall 1.prefab
  artifactKey: Guid(fed448b108ce6674692aff69b39ecaed) Importer(815301076,1909f56bfc062723c751e8b465ee728b)
Start importing Assets/Prefabs/Level Parts/Wall 1.prefab using Guid(fed448b108ce6674692aff69b39ecaed) Importer(815301076,1909f56bfc062723c751e8b465ee728b)  -> (artifact id: 'ce42ce59ed0f31fbed54afd4fc89c504') in 0.006961 seconds 
========================================================================
Received Import Request.
  Time since last request: 26.911282 seconds.
  path: Assets/Prefabs/Level Parts/Wall 2.prefab
  artifactKey: Guid(b24c4da1de026f647915eb5884e28e7f) Importer(815301076,1909f56bfc062723c751e8b465ee728b)
Start importing Assets/Prefabs/Level Parts/Wall 2.prefab using Guid(b24c4da1de026f647915eb5884e28e7f) Importer(815301076,1909f56bfc062723c751e8b465ee728b)  -> (artifact id: '04f8182e23fc01f632845d55e5f436db') in 0.011834 seconds 
========================================================================
Received Import Request.
  Time since last request: 49.078338 seconds.
  path: ProjectSettings/TagManager.asset
  artifactKey: Guid(00000000000000003000000000000000) Importer(815301076,1909f56bfc062723c751e8b465ee728b)
Start importing ProjectSettings/TagManager.asset using Guid(00000000000000003000000000000000) Importer(815301076,1909f56bfc062723c751e8b465ee728b)  -> (artifact id: 'eecff1cc5c37e8a220d9b4ef62abe591') in 0.002869 seconds 
========================================================================
Received Import Request.
  Time since last request: 50.158462 seconds.
  path: Assets/Prefabs/Level Parts/Wall 2.prefab
  artifactKey: Guid(b24c4da1de026f647915eb5884e28e7f) Importer(815301076,1909f56bfc062723c751e8b465ee728b)
Start importing Assets/Prefabs/Level Parts/Wall 2.prefab using Guid(b24c4da1de026f647915eb5884e28e7f) Importer(815301076,1909f56bfc062723c751e8b465ee728b)  -> (artifact id: '67a0131651862d5cb9af6d5eb8e62a31') in 0.006834 seconds 
========================================================================
Received Import Request.
  Time since last request: 2.464525 seconds.
  path: Assets/Prefabs/Level Parts/Wall 1.prefab
  artifactKey: Guid(fed448b108ce6674692aff69b39ecaed) Importer(815301076,1909f56bfc062723c751e8b465ee728b)
Start importing Assets/Prefabs/Level Parts/Wall 1.prefab using Guid(fed448b108ce6674692aff69b39ecaed) Importer(815301076,1909f56bfc062723c751e8b465ee728b)  -> (artifact id: '3dfdb232e8bbd9cdcd7fefa4f25c9520') in 0.010953 seconds 
========================================================================
Received Import Request.
  Time since last request: 0.000102 seconds.
  path: Assets/Prefabs/Level Parts/Wall 2.prefab
  artifactKey: Guid(b24c4da1de026f647915eb5884e28e7f) Importer(815301076,1909f56bfc062723c751e8b465ee728b)
Start importing Assets/Prefabs/Level Parts/Wall 2.prefab using Guid(b24c4da1de026f647915eb5884e28e7f) Importer(815301076,1909f56bfc062723c751e8b465ee728b)  -> (artifact id: '6502b58a51f3a45615123a570e7516d0') in 0.006911 seconds 
========================================================================
Received Import Request.
  Time since last request: 0.781801 seconds.
  path: Assets/Prefabs/Level Parts/Wall 1.prefab
  artifactKey: Guid(fed448b108ce6674692aff69b39ecaed) Importer(815301076,1909f56bfc062723c751e8b465ee728b)
Start importing Assets/Prefabs/Level Parts/Wall 1.prefab using Guid(fed448b108ce6674692aff69b39ecaed) Importer(815301076,1909f56bfc062723c751e8b465ee728b)  -> (artifact id: 'f11374f1c1a047462ff6adf2d3776a45') in 0.006669 seconds 
========================================================================
Received Import Request.
  Time since last request: 0.000101 seconds.
  path: Assets/Prefabs/Level Parts/Wall 2.prefab
  artifactKey: Guid(b24c4da1de026f647915eb5884e28e7f) Importer(815301076,1909f56bfc062723c751e8b465ee728b)
Start importing Assets/Prefabs/Level Parts/Wall 2.prefab using Guid(b24c4da1de026f647915eb5884e28e7f) Importer(815301076,1909f56bfc062723c751e8b465ee728b)  -> (artifact id: 'b5d6f69cc5f72a66087909300e8dedaf') in 0.006019 seconds 
========================================================================
Received Import Request.
  Time since last request: 132.524712 seconds.
  path: Assets/Prefabs/Level Parts/Wall 1.prefab
  artifactKey: Guid(fed448b108ce6674692aff69b39ecaed) Importer(815301076,1909f56bfc062723c751e8b465ee728b)
Start importing Assets/Prefabs/Level Parts/Wall 1.prefab using Guid(fed448b108ce6674692aff69b39ecaed) Importer(815301076,1909f56bfc062723c751e8b465ee728b)  -> (artifact id: '2e356c64de13c7be2e7f491ebe29786d') in 0.009485 seconds 
========================================================================
Received Import Request.
  Time since last request: 0.000097 seconds.
  path: Assets/Prefabs/Level Parts/Wall 2.prefab
  artifactKey: Guid(b24c4da1de026f647915eb5884e28e7f) Importer(815301076,1909f56bfc062723c751e8b465ee728b)
Start importing Assets/Prefabs/Level Parts/Wall 2.prefab using Guid(b24c4da1de026f647915eb5884e28e7f) Importer(815301076,1909f56bfc062723c751e8b465ee728b)  -> (artifact id: '6fd7f04bd141ec0bfc03313c2102b827') in 0.011334 seconds 
========================================================================
Received Import Request.
  Time since last request: 42.435042 seconds.
  path: Assets/Prefabs/Level Parts/Wall 1.prefab
  artifactKey: Guid(fed448b108ce6674692aff69b39ecaed) Importer(815301076,1909f56bfc062723c751e8b465ee728b)
Start importing Assets/Prefabs/Level Parts/Wall 1.prefab using Guid(fed448b108ce6674692aff69b39ecaed) Importer(815301076,1909f56bfc062723c751e8b465ee728b)  -> (artifact id: 'd9b4b05ffc198cb6873cf344ee0d8a6b') in 0.006631 seconds 
========================================================================
Received Import Request.
  Time since last request: 0.000098 seconds.
  path: Assets/Prefabs/Level Parts/Wall 2.prefab
  artifactKey: Guid(b24c4da1de026f647915eb5884e28e7f) Importer(815301076,1909f56bfc062723c751e8b465ee728b)
Start importing Assets/Prefabs/Level Parts/Wall 2.prefab using Guid(b24c4da1de026f647915eb5884e28e7f) Importer(815301076,1909f56bfc062723c751e8b465ee728b)  -> (artifact id: '0b6a53ce39c3b3c401b0f25e28099ff0') in 0.006085 seconds 
========================================================================
Received Import Request.
  Time since last request: 4.609790 seconds.
  path: Assets/Prefabs/Level Parts/Wall 1.prefab
  artifactKey: Guid(fed448b108ce6674692aff69b39ecaed) Importer(815301076,1909f56bfc062723c751e8b465ee728b)
Start importing Assets/Prefabs/Level Parts/Wall 1.prefab using Guid(fed448b108ce6674692aff69b39ecaed) Importer(815301076,1909f56bfc062723c751e8b465ee728b)  -> (artifact id: '6c707abceb29064809112dc757f4ae57') in 0.008861 seconds 
========================================================================
Received Import Request.
  Time since last request: 0.000102 seconds.
  path: Assets/Prefabs/Level Parts/Wall 2.prefab
  artifactKey: Guid(b24c4da1de026f647915eb5884e28e7f) Importer(815301076,1909f56bfc062723c751e8b465ee728b)
Start importing Assets/Prefabs/Level Parts/Wall 2.prefab using Guid(b24c4da1de026f647915eb5884e28e7f) Importer(815301076,1909f56bfc062723c751e8b465ee728b)  -> (artifact id: 'd8b3ef8c5f3f3191a44fe70d95a7eb98') in 0.009042 seconds 
========================================================================
Received Import Request.
  Time since last request: 18.078678 seconds.
  path: Assets/Prefabs/Level Parts/Wall 1.prefab
  artifactKey: Guid(fed448b108ce6674692aff69b39ecaed) Importer(815301076,1909f56bfc062723c751e8b465ee728b)
Start importing Assets/Prefabs/Level Parts/Wall 1.prefab using Guid(fed448b108ce6674692aff69b39ecaed) Importer(815301076,1909f56bfc062723c751e8b465ee728b)  -> (artifact id: 'adab8ae497059334cd7b3e0a04a608db') in 0.009277 seconds 
========================================================================
Received Import Request.
  Time since last request: 0.000095 seconds.
  path: Assets/Prefabs/Level Parts/Wall 2.prefab
  artifactKey: Guid(b24c4da1de026f647915eb5884e28e7f) Importer(815301076,1909f56bfc062723c751e8b465ee728b)
Start importing Assets/Prefabs/Level Parts/Wall 2.prefab using Guid(b24c4da1de026f647915eb5884e28e7f) Importer(815301076,1909f56bfc062723c751e8b465ee728b)  -> (artifact id: 'b2449f5cfc8d7709df0913701a03a2c2') in 0.008619 seconds 
========================================================================
Received Import Request.
  Time since last request: 1.783507 seconds.
  path: Assets/Prefabs/Level Parts/Wall 1.prefab
  artifactKey: Guid(fed448b108ce6674692aff69b39ecaed) Importer(815301076,1909f56bfc062723c751e8b465ee728b)
Start importing Assets/Prefabs/Level Parts/Wall 1.prefab using Guid(fed448b108ce6674692aff69b39ecaed) Importer(815301076,1909f56bfc062723c751e8b465ee728b)  -> (artifact id: 'b4519557504c38fda259c8b622297b2b') in 0.007196 seconds 
========================================================================
Received Import Request.
  Time since last request: 0.000092 seconds.
  path: Assets/Prefabs/Level Parts/Wall 2.prefab
  artifactKey: Guid(b24c4da1de026f647915eb5884e28e7f) Importer(815301076,1909f56bfc062723c751e8b465ee728b)
Start importing Assets/Prefabs/Level Parts/Wall 2.prefab using Guid(b24c4da1de026f647915eb5884e28e7f) Importer(815301076,1909f56bfc062723c751e8b465ee728b)  -> (artifact id: '057064bb19591b1ea0d79a7092758377') in 0.005970 seconds 
========================================================================
Received Import Request.
  Time since last request: 13.080576 seconds.
  path: Assets/Prefabs/Level Parts/Wall 1.prefab
  artifactKey: Guid(fed448b108ce6674692aff69b39ecaed) Importer(815301076,1909f56bfc062723c751e8b465ee728b)
Start importing Assets/Prefabs/Level Parts/Wall 1.prefab using Guid(fed448b108ce6674692aff69b39ecaed) Importer(815301076,1909f56bfc062723c751e8b465ee728b)  -> (artifact id: 'e135f5e60b89c9b9c3b3bf7e6cf395e4') in 0.008894 seconds 
========================================================================
Received Import Request.
  Time since last request: 0.000115 seconds.
  path: Assets/Prefabs/Level Parts/Wall 2.prefab
  artifactKey: Guid(b24c4da1de026f647915eb5884e28e7f) Importer(815301076,1909f56bfc062723c751e8b465ee728b)
Start importing Assets/Prefabs/Level Parts/Wall 2.prefab using Guid(b24c4da1de026f647915eb5884e28e7f) Importer(815301076,1909f56bfc062723c751e8b465ee728b)  -> (artifact id: '7cacc9ad11e375f4b336f5e4e30362ba') in 0.008207 seconds 
========================================================================
Received Import Request.
  Time since last request: 1.644289 seconds.
  path: Assets/Prefabs/Level Parts/Wall 2.prefab
  artifactKey: Guid(b24c4da1de026f647915eb5884e28e7f) Importer(815301076,1909f56bfc062723c751e8b465ee728b)
Start importing Assets/Prefabs/Level Parts/Wall 2.prefab using Guid(b24c4da1de026f647915eb5884e28e7f) Importer(815301076,1909f56bfc062723c751e8b465ee728b)  -> (artifact id: '226ae9e09cb81f15ae31271204d384f2') in 0.007586 seconds 
========================================================================
Received Import Request.
  Time since last request: 44.509109 seconds.
  path: Assets/Materials/Level Parts/Wall 1x0.1.mat
  artifactKey: Guid(bd5e6ac889416d34583dad8ebaf4c872) Importer(815301076,1909f56bfc062723c751e8b465ee728b)
Start importing Assets/Materials/Level Parts/Wall 1x0.1.mat using Guid(bd5e6ac889416d34583dad8ebaf4c872) Importer(815301076,1909f56bfc062723c751e8b465ee728b)  -> (artifact id: 'fa2d2b3967068fb3a7df5c44b44eff29') in 0.011452 seconds 
========================================================================
Received Import Request.
  Time since last request: 14.871541 seconds.
  path: Assets/Materials/Level Parts/Wall 2x1.mat
  artifactKey: Guid(2fb87e6e82493304b9dcb771cf437b6b) Importer(815301076,1909f56bfc062723c751e8b465ee728b)
Start importing Assets/Materials/Level Parts/Wall 2x1.mat using Guid(2fb87e6e82493304b9dcb771cf437b6b) Importer(815301076,1909f56bfc062723c751e8b465ee728b)  -> (artifact id: '13e6f3e3729fff7f9d9657d35b7e0295') in 0.009610 seconds 
========================================================================
Received Import Request.
  Time since last request: 21.554817 seconds.
  path: Assets/Materials/Level Parts/Wall 1x2.mat
  artifactKey: Guid(2fb87e6e82493304b9dcb771cf437b6b) Importer(815301076,1909f56bfc062723c751e8b465ee728b)
Start importing Assets/Materials/Level Parts/Wall 1x2.mat using Guid(2fb87e6e82493304b9dcb771cf437b6b) Importer(815301076,1909f56bfc062723c751e8b465ee728b)  -> (artifact id: '9b61b869a02763f206f04b860e69178b') in 0.009596 seconds 
========================================================================
Received Import Request.
  Time since last request: 149.894789 seconds.
  path: Assets/Materials/Level Parts/Wall 2x0.1.mat
  artifactKey: Guid(9def1fd1892886b4da84ff1acfb1e443) Importer(815301076,1909f56bfc062723c751e8b465ee728b)
Start importing Assets/Materials/Level Parts/Wall 2x0.1.mat using Guid(9def1fd1892886b4da84ff1acfb1e443) Importer(815301076,1909f56bfc062723c751e8b465ee728b)  -> (artifact id: 'bbae3263f2afe835fe26ed4467539f23') in 0.009867 seconds 
========================================================================
Received Import Request.
  Time since last request: 47.658398 seconds.
  path: Assets/Scenes
  artifactKey: Guid(6b74bbeee106a69458ad5d0b00b52650) Importer(815301076,1909f56bfc062723c751e8b465ee728b)
Start importing Assets/Scenes using Guid(6b74bbeee106a69458ad5d0b00b52650) Importer(815301076,1909f56bfc062723c751e8b465ee728b)  -> (artifact id: '14fadb4327fa78ca8e76162c240e09e0') in 0.005980 seconds 
========================================================================
Received Import Request.
  Time since last request: 4.200922 seconds.
  path: Assets/Prefabs/Level Parts/Wall 1.prefab
  artifactKey: Guid(fed448b108ce6674692aff69b39ecaed) Importer(815301076,1909f56bfc062723c751e8b465ee728b)
Start importing Assets/Prefabs/Level Parts/Wall 1.prefab using Guid(fed448b108ce6674692aff69b39ecaed) Importer(815301076,1909f56bfc062723c751e8b465ee728b)  -> (artifact id: '9401fafcb852d4901b4a0afdf3e69cee') in 0.009705 seconds 
========================================================================
Received Import Request.
  Time since last request: 0.000098 seconds.
  path: Assets/Prefabs/Level Parts/Wall 2.prefab
  artifactKey: Guid(b24c4da1de026f647915eb5884e28e7f) Importer(815301076,1909f56bfc062723c751e8b465ee728b)
Start importing Assets/Prefabs/Level Parts/Wall 2.prefab using Guid(b24c4da1de026f647915eb5884e28e7f) Importer(815301076,1909f56bfc062723c751e8b465ee728b)  -> (artifact id: '9878545ac367b0505ed4eefa0cb6c6d6') in 0.008679 seconds 
========================================================================
Received Import Request.
  Time since last request: 7.272743 seconds.
  path: Assets/Prefabs/Level Parts/Wall 1.prefab
  artifactKey: Guid(fed448b108ce6674692aff69b39ecaed) Importer(815301076,1909f56bfc062723c751e8b465ee728b)
Start importing Assets/Prefabs/Level Parts/Wall 1.prefab using Guid(fed448b108ce6674692aff69b39ecaed) Importer(815301076,1909f56bfc062723c751e8b465ee728b)  -> (artifact id: '00d99712ac24c5efb67fe1db7807d664') in 0.007696 seconds 
========================================================================
Received Import Request.
  Time since last request: 0.000105 seconds.
  path: Assets/Prefabs/Level Parts/Wall 2.prefab
  artifactKey: Guid(b24c4da1de026f647915eb5884e28e7f) Importer(815301076,1909f56bfc062723c751e8b465ee728b)
Start importing Assets/Prefabs/Level Parts/Wall 2.prefab using Guid(b24c4da1de026f647915eb5884e28e7f) Importer(815301076,1909f56bfc062723c751e8b465ee728b)  -> (artifact id: 'fdd4e49115383eb0afcb91902f539283') in 0.007894 seconds 
========================================================================
Received Import Request.
  Time since last request: 126.447115 seconds.
  path: Assets/Prefabs/Level Parts/Wall 1.prefab
  artifactKey: Guid(fed448b108ce6674692aff69b39ecaed) Importer(815301076,1909f56bfc062723c751e8b465ee728b)
Start importing Assets/Prefabs/Level Parts/Wall 1.prefab using Guid(fed448b108ce6674692aff69b39ecaed) Importer(815301076,1909f56bfc062723c751e8b465ee728b)  -> (artifact id: '5cc3d3b6af582c8c72867ef4bfb55f52') in 0.009838 seconds 
========================================================================
Received Import Request.
  Time since last request: 0.000102 seconds.
  path: Assets/Prefabs/Level Parts/Wall 2.prefab
  artifactKey: Guid(b24c4da1de026f647915eb5884e28e7f) Importer(815301076,1909f56bfc062723c751e8b465ee728b)
Start importing Assets/Prefabs/Level Parts/Wall 2.prefab using Guid(b24c4da1de026f647915eb5884e28e7f) Importer(815301076,1909f56bfc062723c751e8b465ee728b)  -> (artifact id: 'd7a3c97fb2d9a801e1242f87c6231703') in 0.011078 seconds 
========================================================================
Received Import Request.
  Time since last request: 2.589671 seconds.
  path: Assets/Prefabs/Level Parts/Wall 1.prefab
  artifactKey: Guid(fed448b108ce6674692aff69b39ecaed) Importer(815301076,1909f56bfc062723c751e8b465ee728b)
Start importing Assets/Prefabs/Level Parts/Wall 1.prefab using Guid(fed448b108ce6674692aff69b39ecaed) Importer(815301076,1909f56bfc062723c751e8b465ee728b)  -> (artifact id: '1fc2b411b55ad6a9d306168a5be47900') in 0.008904 seconds 
========================================================================
Received Import Request.
  Time since last request: 0.000099 seconds.
  path: Assets/Prefabs/Level Parts/Wall 2.prefab
  artifactKey: Guid(b24c4da1de026f647915eb5884e28e7f) Importer(815301076,1909f56bfc062723c751e8b465ee728b)
Start importing Assets/Prefabs/Level Parts/Wall 2.prefab using Guid(b24c4da1de026f647915eb5884e28e7f) Importer(815301076,1909f56bfc062723c751e8b465ee728b)  -> (artifact id: 'ee9508f5e75be74249b7e0ca9c99f5a7') in 0.009059 seconds 
========================================================================
Received Import Request.
  Time since last request: 1.806095 seconds.
  path: Assets/Prefabs/Level Parts/Wall 1.prefab
  artifactKey: Guid(fed448b108ce6674692aff69b39ecaed) Importer(815301076,1909f56bfc062723c751e8b465ee728b)
Start importing Assets/Prefabs/Level Parts/Wall 1.prefab using Guid(fed448b108ce6674692aff69b39ecaed) Importer(815301076,1909f56bfc062723c751e8b465ee728b)  -> (artifact id: '2de1e3aebc0e95a6cf4a391b1d959641') in 0.008595 seconds 
========================================================================
Received Import Request.
  Time since last request: 0.000092 seconds.
  path: Assets/Prefabs/Level Parts/Wall 2.prefab
  artifactKey: Guid(b24c4da1de026f647915eb5884e28e7f) Importer(815301076,1909f56bfc062723c751e8b465ee728b)
Start importing Assets/Prefabs/Level Parts/Wall 2.prefab using Guid(b24c4da1de026f647915eb5884e28e7f) Importer(815301076,1909f56bfc062723c751e8b465ee728b)  -> (artifact id: '51e3b0b55675faa1487c2b07026df0bd') in 0.008561 seconds 
========================================================================
Received Import Request.
  Time since last request: 1.797503 seconds.
  path: Assets/Prefabs/Level Parts/Wall 1.prefab
  artifactKey: Guid(fed448b108ce6674692aff69b39ecaed) Importer(815301076,1909f56bfc062723c751e8b465ee728b)
Start importing Assets/Prefabs/Level Parts/Wall 1.prefab using Guid(fed448b108ce6674692aff69b39ecaed) Importer(815301076,1909f56bfc062723c751e8b465ee728b)  -> (artifact id: 'eb395d8e601c4380fa9339b2f1ffe476') in 0.007356 seconds 
========================================================================
Received Import Request.
  Time since last request: 0.000105 seconds.
  path: Assets/Prefabs/Level Parts/Wall 2.prefab
  artifactKey: Guid(b24c4da1de026f647915eb5884e28e7f) Importer(815301076,1909f56bfc062723c751e8b465ee728b)
Start importing Assets/Prefabs/Level Parts/Wall 2.prefab using Guid(b24c4da1de026f647915eb5884e28e7f) Importer(815301076,1909f56bfc062723c751e8b465ee728b)  -> (artifact id: '73b5171048575117ac474b1e05ec6c95') in 0.006937 seconds 
========================================================================
Received Import Request.
  Time since last request: 1.805129 seconds.
  path: Assets/Prefabs/Level Parts/Wall 1.prefab
  artifactKey: Guid(fed448b108ce6674692aff69b39ecaed) Importer(815301076,1909f56bfc062723c751e8b465ee728b)
Start importing Assets/Prefabs/Level Parts/Wall 1.prefab using Guid(fed448b108ce6674692aff69b39ecaed) Importer(815301076,1909f56bfc062723c751e8b465ee728b)  -> (artifact id: 'b1df91f6eb654781925a5a8da9a6702c') in 0.008596 seconds 
========================================================================
Received Import Request.
  Time since last request: 0.000103 seconds.
  path: Assets/Prefabs/Level Parts/Wall 2.prefab
  artifactKey: Guid(b24c4da1de026f647915eb5884e28e7f) Importer(815301076,1909f56bfc062723c751e8b465ee728b)
Start importing Assets/Prefabs/Level Parts/Wall 2.prefab using Guid(b24c4da1de026f647915eb5884e28e7f) Importer(815301076,1909f56bfc062723c751e8b465ee728b)  -> (artifact id: '5fad9dfea459d989d771e2dd8592b5da') in 0.011132 seconds 
========================================================================
Received Import Request.
  Time since last request: 1.983701 seconds.
  path: Assets/Prefabs/Level Parts/Wall 1.prefab
  artifactKey: Guid(fed448b108ce6674692aff69b39ecaed) Importer(815301076,1909f56bfc062723c751e8b465ee728b)
Start importing Assets/Prefabs/Level Parts/Wall 1.prefab using Guid(fed448b108ce6674692aff69b39ecaed) Importer(815301076,1909f56bfc062723c751e8b465ee728b)  -> (artifact id: 'e5e8f3d6ae14153fb6f94e8309965a6e') in 0.009181 seconds 
========================================================================
Received Import Request.
  Time since last request: 0.000094 seconds.
  path: Assets/Prefabs/Level Parts/Wall 2.prefab
  artifactKey: Guid(b24c4da1de026f647915eb5884e28e7f) Importer(815301076,1909f56bfc062723c751e8b465ee728b)
Start importing Assets/Prefabs/Level Parts/Wall 2.prefab using Guid(b24c4da1de026f647915eb5884e28e7f) Importer(815301076,1909f56bfc062723c751e8b465ee728b)  -> (artifact id: '7a66d84bdc1c4066edafb6aab0c689fa') in 0.012302 seconds 
========================================================================
Received Import Request.
  Time since last request: 5.203296 seconds.
  path: Assets/Prefabs/Level Parts/Wall 1.prefab
  artifactKey: Guid(fed448b108ce6674692aff69b39ecaed) Importer(815301076,1909f56bfc062723c751e8b465ee728b)
Start importing Assets/Prefabs/Level Parts/Wall 1.prefab using Guid(fed448b108ce6674692aff69b39ecaed) Importer(815301076,1909f56bfc062723c751e8b465ee728b)  -> (artifact id: '3304e2cfc35e52e1b7bdc57e2fefa725') in 0.007530 seconds 
========================================================================
Received Import Request.
  Time since last request: 0.000104 seconds.
  path: Assets/Prefabs/Level Parts/Wall 2.prefab
  artifactKey: Guid(b24c4da1de026f647915eb5884e28e7f) Importer(815301076,1909f56bfc062723c751e8b465ee728b)
Start importing Assets/Prefabs/Level Parts/Wall 2.prefab using Guid(b24c4da1de026f647915eb5884e28e7f) Importer(815301076,1909f56bfc062723c751e8b465ee728b)  -> (artifact id: '9186246381ec1457ab251272d3680f19') in 0.006222 seconds 
========================================================================
Received Import Request.
  Time since last request: 10.447214 seconds.
  path: Assets/Prefabs/Level Parts/Wall 1.prefab
  artifactKey: Guid(fed448b108ce6674692aff69b39ecaed) Importer(815301076,1909f56bfc062723c751e8b465ee728b)
Start importing Assets/Prefabs/Level Parts/Wall 1.prefab using Guid(fed448b108ce6674692aff69b39ecaed) Importer(815301076,1909f56bfc062723c751e8b465ee728b)  -> (artifact id: '871d5b0bf4b499b2daf907d67c1e04b2') in 0.007394 seconds 
========================================================================
Received Import Request.
  Time since last request: 0.000109 seconds.
  path: Assets/Prefabs/Level Parts/Wall 2.prefab
  artifactKey: Guid(b24c4da1de026f647915eb5884e28e7f) Importer(815301076,1909f56bfc062723c751e8b465ee728b)
Start importing Assets/Prefabs/Level Parts/Wall 2.prefab using Guid(b24c4da1de026f647915eb5884e28e7f) Importer(815301076,1909f56bfc062723c751e8b465ee728b)  -> (artifact id: 'e7db04c70518ec739f4da55c56d677fe') in 0.007322 seconds 
========================================================================
Received Import Request.
  Time since last request: 1928.150593 seconds.
  path: Assets/Prefabs/Levels/Level 1.prefab
  artifactKey: Guid(692e5a747c2734f4ab0c4ea05669fcdf) Importer(815301076,1909f56bfc062723c751e8b465ee728b)
Start importing Assets/Prefabs/Levels/Level 1.prefab using Guid(692e5a747c2734f4ab0c4ea05669fcdf) Importer(815301076,1909f56bfc062723c751e8b465ee728b)  -> (artifact id: '3520af24565cfe263bdeb42333284b38') in 0.088132 seconds 
========================================================================
Received Import Request.
  Time since last request: 206.499148 seconds.
  path: Assets/Prefabs/Levels/Level 1.prefab
  artifactKey: Guid(692e5a747c2734f4ab0c4ea05669fcdf) Importer(815301076,1909f56bfc062723c751e8b465ee728b)
Start importing Assets/Prefabs/Levels/Level 1.prefab using Guid(692e5a747c2734f4ab0c4ea05669fcdf) Importer(815301076,1909f56bfc062723c751e8b465ee728b)  -> (artifact id: 'db2fa06b5f6a8fa2a82fc17aea3ce143') in 0.050707 seconds 
========================================================================
Received Import Request.
  Time since last request: 83.121590 seconds.
  path: Assets/Prefabs/Level Parts/Floor 100x100.prefab
  artifactKey: Guid(004e0f8bc36b3f84b8f311e42351d503) Importer(815301076,1909f56bfc062723c751e8b465ee728b)
Start importing Assets/Prefabs/Level Parts/Floor 100x100.prefab using Guid(004e0f8bc36b3f84b8f311e42351d503) Importer(815301076,1909f56bfc062723c751e8b465ee728b)  -> (artifact id: '89003331c7ff87e3f5650cc30efb5eda') in 0.011845 seconds 
========================================================================
Received Import Request.
  Time since last request: 1.972703 seconds.
  path: Assets/Prefabs/Level Parts/Start.prefab
  artifactKey: Guid(b0f34b471042cc14ab349395b66f6364) Importer(815301076,1909f56bfc062723c751e8b465ee728b)
Start importing Assets/Prefabs/Level Parts/Start.prefab using Guid(b0f34b471042cc14ab349395b66f6364) Importer(815301076,1909f56bfc062723c751e8b465ee728b)  -> (artifact id: '8bebd02116e192aa4240362fcbd1e409') in 0.007912 seconds 
========================================================================
Received Import Request.
  Time since last request: 5.067174 seconds.
  path: Assets/Prefabs/Level Parts/Wall 1.prefab
  artifactKey: Guid(fed448b108ce6674692aff69b39ecaed) Importer(815301076,1909f56bfc062723c751e8b465ee728b)
Start importing Assets/Prefabs/Level Parts/Wall 1.prefab using Guid(fed448b108ce6674692aff69b39ecaed) Importer(815301076,1909f56bfc062723c751e8b465ee728b)  -> (artifact id: 'c09a224881b92d98407b7118863598c0') in 0.012401 seconds 
========================================================================
Received Import Request.
  Time since last request: 0.000104 seconds.
  path: Assets/Prefabs/Level Parts/Wall 2.prefab
  artifactKey: Guid(b24c4da1de026f647915eb5884e28e7f) Importer(815301076,1909f56bfc062723c751e8b465ee728b)
Start importing Assets/Prefabs/Level Parts/Wall 2.prefab using Guid(b24c4da1de026f647915eb5884e28e7f) Importer(815301076,1909f56bfc062723c751e8b465ee728b)  -> (artifact id: '5aac20538144bf86efa02b126205d543') in 0.011218 seconds 
========================================================================
Received Import Request.
  Time since last request: 3.139632 seconds.
  path: Assets/Prefabs/Level Parts/Wall 2.prefab
  artifactKey: Guid(b24c4da1de026f647915eb5884e28e7f) Importer(815301076,1909f56bfc062723c751e8b465ee728b)
Start importing Assets/Prefabs/Level Parts/Wall 2.prefab using Guid(b24c4da1de026f647915eb5884e28e7f) Importer(815301076,1909f56bfc062723c751e8b465ee728b)  -> (artifact id: '872c9d5b6da67a860870e5c50512ff9c') in 0.008584 seconds 
========================================================================
Received Prepare
Registering precompiled user dll's ...
Registered in 0.002132 seconds.
Begin MonoManager ReloadAssembly
Native extension for WindowsStandalone target not found
Refreshing native plugins compatible for Editor in 0.36 ms, found 2 plugins.
Preloading 0 native plugins for Editor in 0.00 ms.
Mono: successfully reloaded assembly
- Completed reload, in  0.789 seconds
Domain Reload Profiling:
	ReloadAssembly (790ms)
		BeginReloadAssembly (179ms)
			ExecutionOrderSort (0ms)
			DisableScriptedObjects (9ms)
			BackupInstance (0ms)
			ReleaseScriptingObjects (0ms)
			CreateAndSetChildDomain (79ms)
		EndReloadAssembly (560ms)
			LoadAssemblies (88ms)
			RebuildTransferFunctionScriptingTraits (0ms)
			SetupTypeCache (188ms)
			ReleaseScriptCaches (1ms)
			RebuildScriptCaches (33ms)
			SetupLoadedEditorAssemblies (212ms)
				LogAssemblyErrors (0ms)
				InitializePlatformSupportModulesInManaged (4ms)
				SetLoadedEditorAssemblies (0ms)
				RefreshPlugins (0ms)
				BeforeProcessingInitializeOnLoad (63ms)
				ProcessInitializeOnLoadAttributes (131ms)
				ProcessInitializeOnLoadMethodAttributes (7ms)
				AfterProcessingInitializeOnLoad (7ms)
				EditorAssembliesLoaded (0ms)
			ExecutionOrderSort2 (0ms)
			AwakeInstancesAfterBackupRestoration (5ms)
Platform modules already initialized, skipping
Refreshing native plugins compatible for Editor in 0.38 ms, found 2 plugins.
Preloading 0 native plugins for Editor in 0.00 ms.
Unloading 1500 Unused Serialized files (Serialized files now loaded: 0)
System memory in use before: 75.9 MB.
System memory in use after: 76.0 MB.

Unloading 14 unused Assets to reduce memory usage. Loaded Objects now: 1988.
Total: 2.212500 ms (FindLiveObjects: 0.123500 ms CreateObjectMapping: 0.035500 ms MarkObjects: 2.030900 ms  DeleteObjects: 0.021700 ms)

AssetImportParameters requested are different than current active one (requested -> active):
  custom:framework-win-MediaFoundation: 216162199b28c13a410421893ffa2e32 -> 
  custom:video-decoder-ogg-theora: a1e56fd34408186e4bbccfd4996cb3dc -> 
  custom:container-muxer-webm: aa71ff27fc2769a1b78a27578f13a17b -> 
  custom:container-demuxer-webm: 4f35f7cbe854078d1ac9338744f61a02 -> 
  custom:container-demuxer-ogg: 62fdf1f143b41e24485cea50d1cbac27 -> 
  custom:video-encoder-webm-vp8: eb34c28f22e8b96e1ab97ce403110664 -> 
  custom:video-decoder-webm-vp8: 9c59270c3fd7afecdb556c50c9e8de78 -> 
  custom:audio-decoder-ogg-vorbis: bf7c407c2cedff20999df2af8eb42d56 -> 
  custom:audio-encoder-webm-vorbis: bf7c407c2cedff20999df2af8eb42d56 -> 
========================================================================
Received Import Request.
  Time since last request: 94.886620 seconds.
  path: Assets/Prefabs/Levels/Level 1.prefab
  artifactKey: Guid(692e5a747c2734f4ab0c4ea05669fcdf) Importer(815301076,1909f56bfc062723c751e8b465ee728b)
Start importing Assets/Prefabs/Levels/Level 1.prefab using Guid(692e5a747c2734f4ab0c4ea05669fcdf) Importer(815301076,1909f56bfc062723c751e8b465ee728b)  -> (artifact id: '265ce3769970a31ccf7dea5c526df54a') in 0.087470 seconds 
AssetImportWorkerClient::OnTransportError - code=2 error=End of file
